  [4;36;1mSQL (0.3ms)[0m   [0;1m SELECT name
 FROM sqlite_master
 WHERE type = 'table' AND NOT name = 'sqlite_sequence'
[0m
  [4;35;1mSQL (19.6ms)[0m   [0mselect sqlite_version(*)[0m
  [4;36;1mSQL (2.5ms)[0m   [0;1mCREATE TABLE "schema_migrations" ("version" varchar(255) NOT NULL) [0m
  [4;35;1mSQL (2.8ms)[0m   [0mCREATE UNIQUE INDEX "unique_schema_migrations" ON "schema_migrations" ("version")[0m
  [4;36;1mSQL (0.4ms)[0m   [0;1m SELECT name
 FROM sqlite_master
 WHERE type = 'table' AND NOT name = 'sqlite_sequence'
[0m
  [4;35;1mSQL (0.2ms)[0m   [0mSELECT version FROM schema_migrations[0m
Migrating to CreateUsers (20090512041656)
  [4;36;1mSQL (0.6ms)[0m   [0;1mCREATE TABLE "users" ("id" INTEGER PRIMARY KEY AUTOINCREMENT NOT NULL, "name_first" varchar(255), "name_last" varchar(255), "login" varchar(255), "email_address" varchar(255), "crypted_password" varchar(255), "password_salt" varchar(255), "persistence_token" varchar(255), "single_access_token" varchar(255), "perishable_token" varchar(255), "login_count" integer, "failed_login_count" integer, "last_request_at" datetime, "current_login_at" datetime, "last_login_at" datetime, "current_login_ip" varchar(255), "last_login_ip" varchar(255), "created_at" datetime, "updated_at" datetime) [0m
  [4;35;1mSQL (0.1ms)[0m   [0mCREATE INDEX "index_users_on_login" ON "users" ("login")[0m
  [4;36;1mSQL (0.1ms)[0m   [0;1mCREATE INDEX "index_users_on_persistence_token" ON "users" ("persistence_token")[0m
  [4;35;1mSQL (0.1ms)[0m   [0mCREATE INDEX "index_users_on_last_request_at" ON "users" ("last_request_at")[0m
  [4;36;1mSQL (0.1ms)[0m   [0;1mINSERT INTO schema_migrations (version) VALUES ('20090512041656')[0m
  [4;35;1mSQL (0.2ms)[0m   [0m SELECT name
 FROM sqlite_master
 WHERE type = 'table' AND NOT name = 'sqlite_sequence'
[0m
  [4;36;1mSQL (0.1ms)[0m   [0;1mSELECT version FROM schema_migrations[0m
  [4;35;1mSQL (0.2ms)[0m   [0m SELECT name
 FROM sqlite_master
 WHERE type = 'table' AND NOT name = 'sqlite_sequence'
[0m
  [4;36;1mSQL (0.2ms)[0m   [0;1mPRAGMA index_list("users")[0m
  [4;35;1mSQL (0.1ms)[0m   [0mPRAGMA index_info('index_users_on_last_request_at')[0m
  [4;36;1mSQL (0.1ms)[0m   [0;1mPRAGMA index_info('index_users_on_persistence_token')[0m
  [4;35;1mSQL (0.1ms)[0m   [0mPRAGMA index_info('index_users_on_login')[0m


Processing UsersController#index (for 127.0.0.1 at 2009-05-11 21:24:18) [GET]
  [4;36;1mUser Load (0.5ms)[0m   [0;1mSELECT * FROM "users" [0m
Rendering template within layouts/users
Rendering users/index
Completed in 83ms (View: 78, DB: 1) | 200 OK [http://localhost/users]


Processing UsersController#new (for 127.0.0.1 at 2009-05-11 21:24:21) [GET]
Rendering template within layouts/users
Rendering users/new

ActionView::TemplateError (undefined method `password' for #<User:0x24d4aac>) on line #21 of app/views/users/_form.html.erb:
18: </p>
19: <p>
20:   <%= f.label :password %><br />
21:   <%= f.password_field :password %>
22: </p>
23: <p>
24:   <%= f.label :password_confirmation %><br />

    app/views/users/_form.html.erb:21
    app/views/users/new.html.erb:5
    app/views/users/new.html.erb:4
    app/views/users/new.html.erb:3
    app/controllers/users_controller.rb:29:in `new'

Rendered rescues/_trace (113.5ms)
Rendered rescues/_request_and_response (1.5ms)
Rendering rescues/layout (internal_server_error)


Processing UsersController#new (for 127.0.0.1 at 2009-05-11 21:25:11) [GET]
Rendering template within layouts/users
Rendering users/new
Rendered users/_form (5.1ms)
Completed in 17ms (View: 7, DB: 0) | 200 OK [http://localhost/users/new]


Processing UsersController#new (for 127.0.0.1 at 2009-05-11 21:32:39) [GET]
Rendering template within layouts/users
Rendering users/new
Rendered users/_form (3.8ms)
Completed in 18ms (View: 7, DB: 0) | 200 OK [http://localhost/users/new]


Processing UsersController#create (for 127.0.0.1 at 2009-05-11 21:32:58) [POST]
  Parameters: {"user"=>{"password_confirmation"=>"jna1jna", "password"=>"jna1jna", "login"=>"jabbott", "email_address"=>"jabbott@oakley.com", "name_last"=>"Abbott", "name_first"=>"Joshua"}, "commit"=>"Save", "authenticity_token"=>"Z+7m2zlzS2HS11r2lnL0Kbh+ijv0mLJUoZhjKPIitmM="}
  [4;35;1mUser Exists (0.2ms)[0m   [0mSELECT "users".id FROM "users" WHERE (LOWER("users"."email_address") = 'jabbott@oakley.com') LIMIT 1[0m
  [4;36;1mUser Exists (0.1ms)[0m   [0;1mSELECT "users".id FROM "users" WHERE (LOWER("users"."login") = 'jabbott') LIMIT 1[0m
  [4;35;1mUser Exists (0.1ms)[0m   [0mSELECT "users".id FROM "users" WHERE ("users"."persistence_token" = 'bb7ee32597394bfeaabd9fd7b29a5e69aa1b77e349ae2e75ced14206db55cafd7ccafdf8c20b72f424d66e39982fcfd8cbd5b13e76f45a207fb85e356709f228') LIMIT 1[0m
  [4;36;1mUser Exists (0.1ms)[0m   [0;1mSELECT "users".id FROM "users" WHERE ("users"."single_access_token" = 'elPi-7eQb3g8-8wW5KCX') LIMIT 1[0m
  [4;35;1mUser Create (0.5ms)[0m   [0mINSERT INTO "users" ("last_login_at", "last_request_at", "updated_at", "crypted_password", "single_access_token", "perishable_token", "current_login_ip", "password_salt", "current_login_at", "failed_login_count", "persistence_token", "login_count", "login", "name_first", "name_last", "email_address", "last_login_ip", "created_at") VALUES(NULL, '2009-05-12 04:32:58', '2009-05-12 04:32:58', 'c6688c9b94104efedf972413797a648fff2569e6c4b4739af2aace54f04a0e532f9093ad7bef56d36146dd7f7dcfacabb6a92504cbd8258978603b0c1cdac0c6', 'elPi-7eQb3g8-8wW5KCX', 'I3QIiYnFrNvQNowMta55', '127.0.0.1', 'lr9r72esTmxVRqWZN_f0', '2009-05-12 04:32:58', 0, 'bb7ee32597394bfeaabd9fd7b29a5e69aa1b77e349ae2e75ced14206db55cafd7ccafdf8c20b72f424d66e39982fcfd8cbd5b13e76f45a207fb85e356709f228', 1, 'jabbott', 'Joshua', 'Abbott', 'jabbott@oakley.com', NULL, '2009-05-12 04:32:58')[0m
Redirected to http://localhost:3000/users/1
Completed in 387ms (DB: 1) | 302 Found [http://localhost/users]


Processing UsersController#show (for 127.0.0.1 at 2009-05-11 21:32:58) [GET]
  Parameters: {"id"=>"1"}
  [4;36;1mUser Load (0.4ms)[0m   [0;1mSELECT * FROM "users" WHERE ("users"."id" = 1) [0m
Rendering template within layouts/users
Rendering users/show
Completed in 22ms (View: 12, DB: 0) | 200 OK [http://localhost/users/1]


Processing UsersController#show (for 127.0.0.1 at 2009-05-11 21:33:33) [GET]
  Parameters: {"id"=>"1"}
  [4;35;1mUser Load (0.4ms)[0m   [0mSELECT * FROM "users" WHERE ("users"."id" = 1) [0m
Rendering template within layouts/users
Rendering users/show
Completed in 20ms (View: 9, DB: 0) | 200 OK [http://localhost/users/1]


Processing UsersController#index (for 127.0.0.1 at 2009-05-11 21:33:35) [GET]
  [4;36;1mUser Load (0.4ms)[0m   [0;1mSELECT * FROM "users" [0m
Rendering template within layouts/users
Rendering users/index
Rendered users/_user (6.7ms)
Completed in 20ms (View: 10, DB: 0) | 200 OK [http://localhost/users]


Processing UsersController#index (for 127.0.0.1 at 2009-05-11 21:33:57) [GET]
  [4;35;1mUser Load (0.3ms)[0m   [0mSELECT * FROM "users" [0m
Rendering template within layouts/users
Rendering users/index
Rendered users/_user (6.6ms)
Completed in 22ms (View: 12, DB: 0) | 200 OK [http://localhost/users]


Processing UserSessionsController#index (for 127.0.0.1 at 2009-05-11 21:40:59) [GET]
  Parameters: {"action"=>"index", "controller"=>"user_sessions"}

ActionController::UnknownAction (No action responded to index. Actions: create, destroy, and new):
  

Rendering rescues/layout (not_found)


Processing UserSessionsController#new (for 127.0.0.1 at 2009-05-11 21:42:21) [GET]
  Parameters: {"action"=>"new", "controller"=>"user_sessions"}
Rendering template within layouts/user_sessions
Rendering user_sessions/new
Completed in 20ms (View: 8, DB: 0) | 200 OK [http://localhost/]


Processing UserSessionsController#create (for 127.0.0.1 at 2009-05-11 21:42:28) [POST]
  Parameters: {"commit"=>"Create", "user_session"=>{"password"=>"[FILTERED]", "login"=>"jabbott", "remember_me"=>"0"}, "action"=>"create", "authenticity_token"=>"Z+7m2zlzS2HS11r2lnL0Kbh+ijv0mLJUoZhjKPIitmM=", "controller"=>"user_sessions"}
  [4;36;1mUser Load (0.5ms)[0m   [0;1mSELECT * FROM "users" WHERE (LOWER("users".login) = 'jabbott') LIMIT 1[0m
  [4;35;1mUser Update (0.3ms)[0m   [0mUPDATE "users" SET "login_count" = 2, "perishable_token" = '99EkoUhjFQi1dMQ1Xg7X', "last_request_at" = '2009-05-12 04:42:28', "last_login_at" = '2009-05-12 04:32:58', "last_login_ip" = '127.0.0.1', "updated_at" = '2009-05-12 04:42:28', "current_login_at" = '2009-05-12 04:42:28' WHERE "id" = 1[0m
Redirected to http://localhost:3000/user_sessions/%23%3CUserSession:0x232e464%3E
Completed in 24ms (DB: 1) | 302 Found [http://localhost/user_sessions]


Processing UserSessionsController#show (for 127.0.0.1 at 2009-05-11 21:42:28) [GET]
  Parameters: {"action"=>"show", "id"=>"#<UserSession:0x232e464>", "controller"=>"user_sessions"}

ActionController::UnknownAction (No action responded to show. Actions: create, destroy, and new):
  

Rendering rescues/layout (not_found)


Processing UserSessionsController#new (for 127.0.0.1 at 2009-05-11 21:52:03) [GET]
  Parameters: {"action"=>"new", "controller"=>"user_sessions"}

NoMethodError (undefined method `require_no_user' for #<UserSessionsController:0x207c770>):
  

Rendered rescues/_trace (118.0ms)
Rendered rescues/_request_and_response (0.2ms)
Rendering rescues/layout (internal_server_error)


Processing UserSessionsController#new (for 127.0.0.1 at 2009-05-11 21:54:52) [GET]
  Parameters: {"action"=>"new", "controller"=>"user_sessions"}

NoMethodError (undefined method `require_no_user' for #<UserSessionsController:0x1f77d20>):
  

Rendered rescues/_trace (36.8ms)
Rendered rescues/_request_and_response (1.4ms)
Rendering rescues/layout (internal_server_error)


Processing UsersController#index (for 127.0.0.1 at 2009-05-11 21:55:00) [GET]
  Parameters: {"action"=>"index", "controller"=>"users"}
  [4;36;1mUser Load (0.5ms)[0m   [0;1mSELECT * FROM "users" [0m
Rendering template within layouts/users
Rendering users/index
Rendered users/_user (51.6ms)
Completed in 72ms (View: 61, DB: 0) | 200 OK [http://localhost/users]


Processing UsersController#show (for 127.0.0.1 at 2009-05-11 21:55:03) [GET]
  Parameters: {"action"=>"show", "id"=>"1", "controller"=>"users"}

NoMethodError (undefined method `require_user' for #<UsersController:0x205efe0>):
  

Rendered rescues/_trace (33.2ms)
Rendered rescues/_request_and_response (0.3ms)
Rendering rescues/layout (internal_server_error)


Processing UsersController#show (for 127.0.0.1 at 2009-05-11 21:55:20) [GET]
  Parameters: {"action"=>"show", "id"=>"1", "controller"=>"users"}

NoMethodError (undefined method `require_user' for #<UsersController:0x2350870>):
  

Rendered rescues/_trace (34.1ms)
Rendered rescues/_request_and_response (0.3ms)
Rendering rescues/layout (internal_server_error)


Processing UserSessionsController#new (for 127.0.0.1 at 2009-05-11 21:55:23) [GET]
  Parameters: {"action"=>"new", "controller"=>"user_sessions"}

NoMethodError (undefined method `require_no_user' for #<UserSessionsController:0x2108ce8>):
  

Rendered rescues/_trace (101.5ms)
Rendered rescues/_request_and_response (0.2ms)
Rendering rescues/layout (internal_server_error)


Processing UserSessionsController#new (for 127.0.0.1 at 2009-05-11 22:15:36) [GET]
  Parameters: {"action"=>"new", "controller"=>"user_sessions"}
  [4;35;1mUser Load (0.5ms)[0m   [0mSELECT * FROM "users" WHERE ("users"."id" = '1') LIMIT 1[0m
  [4;36;1mUser Update (0.5ms)[0m   [0;1mUPDATE "users" SET "perishable_token" = 'h070q6A73OPlJUbHzfCz', "last_request_at" = '2009-05-12 05:15:36', "updated_at" = '2009-05-12 05:15:36' WHERE "id" = 1[0m
Redirected to http://localhost:3000/account
Filter chain halted as [:require_no_user] rendered_or_redirected.
Completed in 90ms (DB: 1) | 302 Found [http://localhost/]


Processing UsersController#show (for 127.0.0.1 at 2009-05-11 22:15:37) [GET]
  Parameters: {"action"=>"show", "controller"=>"users"}
  [4;35;1mUser Load (0.4ms)[0m   [0mSELECT * FROM "users" WHERE ("users"."id" = '1') LIMIT 1[0m
  [4;36;1mUser Update (0.3ms)[0m   [0;1mUPDATE "users" SET "perishable_token" = 'R9ZfSRkVArHz98qqprN_', "last_request_at" = '2009-05-12 05:15:37', "updated_at" = '2009-05-12 05:15:37' WHERE "id" = 1[0m
Rendering template within layouts/users
Rendering users/show
Completed in 26ms (View: 6, DB: 1) | 200 OK [http://localhost/account]


Processing UsersController#index (for 127.0.0.1 at 2009-05-11 22:15:40) [GET]
  Parameters: {"action"=>"index", "controller"=>"users"}
  [4;35;1mUser Load (0.4ms)[0m   [0mSELECT * FROM "users" [0m
Rendering template within layouts/users
Rendering users/index
Rendered users/_user (3.9ms)
Completed in 16ms (View: 5, DB: 0) | 200 OK [http://localhost/users]


Processing UsersController#show (for 127.0.0.1 at 2009-05-11 22:15:43) [GET]
  Parameters: {"action"=>"show", "id"=>"1", "controller"=>"users"}
  [4;36;1mUser Load (0.4ms)[0m   [0;1mSELECT * FROM "users" WHERE ("users"."id" = '1') LIMIT 1[0m
  [4;35;1mUser Update (0.4ms)[0m   [0mUPDATE "users" SET "perishable_token" = 'Be8wrf6uIvP_xauwBV8x', "last_request_at" = '2009-05-12 05:15:43', "updated_at" = '2009-05-12 05:15:43' WHERE "id" = 1[0m
Rendering template within layouts/users
Rendering users/show
Completed in 105ms (View: 2, DB: 1) | 200 OK [http://localhost/users/1]


Processing UsersController#index (for 127.0.0.1 at 2009-05-11 22:15:45) [GET]
  Parameters: {"action"=>"index", "controller"=>"users"}
  [4;36;1mUser Load (0.5ms)[0m   [0;1mSELECT * FROM "users" [0m
Rendering template within layouts/users
Rendering users/index
Rendered users/_user (5.8ms)
Completed in 19ms (View: 7, DB: 1) | 200 OK [http://localhost/users]


Processing UserSessionsController#new (for 127.0.0.1 at 2009-05-11 22:15:49) [GET]
  Parameters: {"action"=>"new", "controller"=>"user_sessions"}
  [4;35;1mUser Load (0.4ms)[0m   [0mSELECT * FROM "users" WHERE ("users"."id" = '1') LIMIT 1[0m
  [4;36;1mUser Update (0.3ms)[0m   [0;1mUPDATE "users" SET "perishable_token" = 'ifH5SUDl9cNjaTsPeKer', "last_request_at" = '2009-05-12 05:15:49', "updated_at" = '2009-05-12 05:15:49' WHERE "id" = 1[0m
Redirected to http://localhost:3000/account
Filter chain halted as [:require_no_user] rendered_or_redirected.
Completed in 22ms (DB: 1) | 302 Found [http://localhost/]


Processing UsersController#show (for 127.0.0.1 at 2009-05-11 22:15:49) [GET]
  Parameters: {"action"=>"show", "controller"=>"users"}
  [4;35;1mUser Load (0.4ms)[0m   [0mSELECT * FROM "users" WHERE ("users"."id" = '1') LIMIT 1[0m
  [4;36;1mUser Update (0.3ms)[0m   [0;1mUPDATE "users" SET "perishable_token" = 'rGsq2Wur5gNaW2u_7lJz', "last_request_at" = '2009-05-12 05:15:49', "updated_at" = '2009-05-12 05:15:49' WHERE "id" = 1[0m
Rendering template within layouts/users
Rendering users/show
Completed in 25ms (View: 2, DB: 1) | 200 OK [http://localhost/account]


Processing UserSessionsController#new (for 127.0.0.1 at 2009-05-11 22:15:53) [GET]
  Parameters: {"action"=>"new", "controller"=>"user_sessions"}
  [4;35;1mUser Load (0.4ms)[0m   [0mSELECT * FROM "users" WHERE ("users"."id" = '1') LIMIT 1[0m
  [4;36;1mUser Update (0.5ms)[0m   [0;1mUPDATE "users" SET "perishable_token" = '685xuup0rGOaJigzkSMv', "last_request_at" = '2009-05-12 05:15:53', "updated_at" = '2009-05-12 05:15:53' WHERE "id" = 1[0m
Redirected to http://localhost:3000/account
Filter chain halted as [:require_no_user] rendered_or_redirected.
Completed in 20ms (DB: 1) | 302 Found [http://localhost/]


Processing UsersController#show (for 127.0.0.1 at 2009-05-11 22:15:53) [GET]
  Parameters: {"action"=>"show", "controller"=>"users"}
  [4;35;1mUser Load (0.4ms)[0m   [0mSELECT * FROM "users" WHERE ("users"."id" = '1') LIMIT 1[0m
  [4;36;1mUser Update (0.5ms)[0m   [0;1mUPDATE "users" SET "perishable_token" = 'HJnofTR1v1pae0J5vcw9', "last_request_at" = '2009-05-12 05:15:53', "updated_at" = '2009-05-12 05:15:53' WHERE "id" = 1[0m
Rendering template within layouts/users
Rendering users/show
Completed in 23ms (View: 2, DB: 1) | 200 OK [http://localhost/account]


Processing UsersController#show (for 127.0.0.1 at 2009-05-11 22:24:59) [GET]
  Parameters: {"action"=>"show", "controller"=>"users"}
  [4;35;1mUser Load (0.5ms)[0m   [0mSELECT * FROM "users" WHERE ("users"."id" = '1') LIMIT 1[0m
  [4;36;1mUser Update (0.4ms)[0m   [0;1mUPDATE "users" SET "perishable_token" = 'YAT198bZPIeUmUGArHfl', "last_request_at" = '2009-05-12 05:24:59', "updated_at" = '2009-05-12 05:24:59' WHERE "id" = 1[0m
Rendering template within layouts/application
Rendering users/show

ActionView::TemplateError (user_session_url failed to generate from {:action=>"show", :controller=>"user_sessions"} - you may have ambiguous routes, or you may need to supply additional parameters for this route.  content_url has the following required parameters: ["user_sessions", :id] - are they all satisfied?) on line #17 of app/views/layouts/application.html.erb:
14:   <%= link_to "Log In", new_user_session_path %> |
15: <% else %>
16:   <%= link_to "My Account", account_path %> |
17:   <%= link_to "Logout", user_session_path, :method => :delete, :confirm => "Are you sure you want to logout?" %>
18: <% end %>
19: 
20: <p style="color: green"><%= flash[:notice] %></p>

    (eval):16:in `user_session_path'
    app/views/layouts/application.html.erb:17
    app/controllers/users_controller.rb:21:in `show'

Rendered rescues/_trace (44.4ms)
Rendered rescues/_request_and_response (0.2ms)
Rendering rescues/layout (internal_server_error)


Processing UsersController#show (for 127.0.0.1 at 2009-05-11 22:29:51) [GET]
  Parameters: {"action"=>"show", "controller"=>"users"}
  [4;35;1mUser Load (0.4ms)[0m   [0mSELECT * FROM "users" WHERE ("users"."id" = '1') LIMIT 1[0m
  [4;36;1mUser Update (0.3ms)[0m   [0;1mUPDATE "users" SET "perishable_token" = 'VOzY_gAn-PL35V6NZ8f7', "last_request_at" = '2009-05-12 05:29:51', "updated_at" = '2009-05-12 05:29:51' WHERE "id" = 1[0m
Rendering template within layouts/application
Rendering users/show
Completed in 29ms (View: 5, DB: 1) | 200 OK [http://localhost/account]


Processing UserSessionsController#destroy (for 127.0.0.1 at 2009-05-11 22:29:57) [DELETE]
  Parameters: {"action"=>"destroy", "_method"=>"delete", "authenticity_token"=>"Z+7m2zlzS2HS11r2lnL0Kbh+ijv0mLJUoZhjKPIitmM=", "controller"=>"user_sessions"}
  [4;35;1mUser Load (0.4ms)[0m   [0mSELECT * FROM "users" WHERE ("users"."id" = '1') LIMIT 1[0m
  [4;36;1mUser Update (0.3ms)[0m   [0;1mUPDATE "users" SET "perishable_token" = 'c0gLhklug6RODQSNnKOl', "last_request_at" = '2009-05-12 05:29:57', "updated_at" = '2009-05-12 05:29:57' WHERE "id" = 1[0m

NameError (undefined local variable or method `new_user_sessions_url' for #<UserSessionsController:0x23c0e90>):
  app/controllers/user_sessions_controller.rb:39:in `destroy'
  app/controllers/user_sessions_controller.rb:38:in `destroy'

Rendered rescues/_trace (37.6ms)
Rendered rescues/_request_and_response (0.3ms)
Rendering rescues/layout (internal_server_error)


Processing ApplicationController#index (for 127.0.0.1 at 2009-05-11 22:31:25) [GET]

ActionController::RoutingError (No route matches "/user_sessions" with {:method=>:get}):
  

Rendering rescues/layout (not_found)


Processing UserSessionsController#new (for 127.0.0.1 at 2009-05-11 22:31:27) [GET]
  Parameters: {"action"=>"new", "controller"=>"user_sessions"}
Rendering template within layouts/application
Rendering user_sessions/new

ActionView::TemplateError (undefined method `user_sessions_path' for #<ActionView::Base:0x253abe0>) on line #3 of app/views/user_sessions/new.html.erb:
1: <h1>New user_session</h1>
2: 
3: <% form_for(@user_session) do |f| %>
4:   <%= f.error_messages %>
5: 
6:   <p>

    app/views/user_sessions/new.html.erb:3
    app/controllers/user_sessions_controller.rb:10:in `new'

Rendered rescues/_trace (43.7ms)
Rendered rescues/_request_and_response (0.3ms)
Rendering rescues/layout (internal_server_error)


Processing UsersController#show (for 127.0.0.1 at 2009-05-11 22:32:25) [GET]
  Parameters: {"action"=>"show", "controller"=>"users"}
  [4;35;1mUser Load (0.5ms)[0m   [0mSELECT * FROM "users" WHERE ("users"."id" = '1') LIMIT 1[0m
  [4;36;1mUser Update (0.4ms)[0m   [0;1mUPDATE "users" SET "perishable_token" = 'GF6jBcyXXdtRJ1sjruzL', "last_request_at" = '2009-05-12 05:32:25', "updated_at" = '2009-05-12 05:32:25' WHERE "id" = 1[0m
Rendering template within layouts/application
Rendering users/show
Completed in 26ms (View: 2, DB: 1) | 200 OK [http://localhost/account]


Processing UserSessionsController#destroy (for 127.0.0.1 at 2009-05-11 22:32:27) [DELETE]
  Parameters: {"action"=>"destroy", "_method"=>"delete", "authenticity_token"=>"Z+7m2zlzS2HS11r2lnL0Kbh+ijv0mLJUoZhjKPIitmM=", "controller"=>"user_sessions"}
  [4;35;1mUser Load (0.5ms)[0m   [0mSELECT * FROM "users" WHERE ("users"."id" = '1') LIMIT 1[0m
  [4;36;1mUser Update (0.4ms)[0m   [0;1mUPDATE "users" SET "perishable_token" = 'yiehJDuB22U-_5scZ-Yj', "last_request_at" = '2009-05-12 05:32:27', "updated_at" = '2009-05-12 05:32:27' WHERE "id" = 1[0m
Redirected to http://localhost:3000/user_session/new
Completed in 23ms (DB: 1) | 302 Found [http://localhost/user_session]


Processing UserSessionsController#new (for 127.0.0.1 at 2009-05-11 22:32:27) [GET]
  Parameters: {"action"=>"new", "controller"=>"user_sessions"}
Rendering template within layouts/application
Rendering user_sessions/new

ActionView::TemplateError (undefined method `user_sessions_path' for #<ActionView::Base:0x22c0284>) on line #3 of app/views/user_sessions/new.html.erb:
1: <h1>New user_session</h1>
2: 
3: <% form_for(@user_session) do |f| %>
4:   <%= f.error_messages %>
5: 
6:   <p>

    app/views/user_sessions/new.html.erb:3
    app/controllers/user_sessions_controller.rb:10:in `new'

Rendered rescues/_trace (112.7ms)
Rendered rescues/_request_and_response (0.3ms)
Rendering rescues/layout (internal_server_error)


Processing UserSessionsController#new (for 127.0.0.1 at 2009-05-11 22:32:51) [GET]
  Parameters: {"action"=>"new", "controller"=>"user_sessions"}
Rendering template within layouts/application
Rendering user_sessions/new

ActionView::TemplateError (undefined local variable or method `user_session_pat' for #<ActionView::Base:0x23886bc>) on line #3 of app/views/user_sessions/new.html.erb:
1: <h1>New user_session</h1>
2: 
3: <% form_for(@user_session, :url => user_session_pat) do |f| %>
4:   <%= f.error_messages %>
5: 
6:   <p>

    app/views/user_sessions/new.html.erb:3
    app/controllers/user_sessions_controller.rb:10:in `new'

Rendered rescues/_trace (108.7ms)
Rendered rescues/_request_and_response (0.3ms)
Rendering rescues/layout (internal_server_error)


Processing UserSessionsController#new (for 127.0.0.1 at 2009-05-11 22:32:58) [GET]
  Parameters: {"action"=>"new", "controller"=>"user_sessions"}
Rendering template within layouts/application
Rendering user_sessions/new
Completed in 18ms (View: 5, DB: 0) | 200 OK [http://localhost/user_session/new]


Processing UserSessionsController#create (for 127.0.0.1 at 2009-05-11 22:33:09) [POST]
  Parameters: {"commit"=>"Create", "user_session"=>{"password"=>"[FILTERED]", "login"=>"jabbott", "remember_me"=>"0"}, "action"=>"create", "authenticity_token"=>"Z+7m2zlzS2HS11r2lnL0Kbh+ijv0mLJUoZhjKPIitmM=", "controller"=>"user_sessions"}
  [4;35;1mUser Load (0.6ms)[0m   [0mSELECT * FROM "users" WHERE (LOWER("users".login) = 'jabbott') LIMIT 1[0m
  [4;36;1mUser Update (0.3ms)[0m   [0;1mUPDATE "users" SET "login_count" = 3, "perishable_token" = '4CWOPXnYGFy_2UPYdAV2', "last_request_at" = '2009-05-12 05:33:09', "last_login_at" = '2009-05-12 04:42:28', "updated_at" = '2009-05-12 05:33:09', "current_login_at" = '2009-05-12 05:33:09' WHERE "id" = 1[0m
Redirected to http://localhost:3000/account
Completed in 26ms (DB: 1) | 302 Found [http://localhost/user_session]


Processing UsersController#show (for 127.0.0.1 at 2009-05-11 22:33:09) [GET]
  Parameters: {"action"=>"show", "controller"=>"users"}
  [4;35;1mUser Load (0.4ms)[0m   [0mSELECT * FROM "users" WHERE ("users"."id" = '1') LIMIT 1[0m
  [4;36;1mUser Update (0.3ms)[0m   [0;1mUPDATE "users" SET "perishable_token" = 'Q85S09bCr4PfpxMFAYUl', "last_request_at" = '2009-05-12 05:33:09', "updated_at" = '2009-05-12 05:33:09' WHERE "id" = 1[0m
Rendering template within layouts/application
Rendering users/show
Completed in 26ms (View: 3, DB: 1) | 200 OK [http://localhost/account]


Processing UserSessionsController#destroy (for 127.0.0.1 at 2009-05-11 22:33:13) [DELETE]
  Parameters: {"action"=>"destroy", "_method"=>"delete", "authenticity_token"=>"Z+7m2zlzS2HS11r2lnL0Kbh+ijv0mLJUoZhjKPIitmM=", "controller"=>"user_sessions"}
  [4;35;1mUser Load (0.4ms)[0m   [0mSELECT * FROM "users" WHERE ("users"."id" = '1') LIMIT 1[0m
  [4;36;1mUser Update (0.5ms)[0m   [0;1mUPDATE "users" SET "perishable_token" = 'F5pLDU0Mis2PFXn8A5DY', "last_request_at" = '2009-05-12 05:33:13', "updated_at" = '2009-05-12 05:33:13' WHERE "id" = 1[0m
Redirected to http://localhost:3000/user_session/new
Completed in 22ms (DB: 1) | 302 Found [http://localhost/user_session]


Processing UserSessionsController#new (for 127.0.0.1 at 2009-05-11 22:33:13) [GET]
  Parameters: {"action"=>"new", "controller"=>"user_sessions"}
Rendering template within layouts/application
Rendering user_sessions/new
Completed in 15ms (View: 2, DB: 0) | 200 OK [http://localhost/user_session/new]


Processing UsersController#new (for 127.0.0.1 at 2009-05-11 22:33:15) [GET]
  Parameters: {"action"=>"new", "controller"=>"users"}
Rendering template within layouts/application
Rendering users/new
Rendered users/_form (5.7ms)
Completed in 28ms (View: 13, DB: 0) | 200 OK [http://localhost/account/new]


Processing UserSessionsController#new (for 127.0.0.1 at 2009-05-11 22:33:17) [GET]
  Parameters: {"action"=>"new", "controller"=>"user_sessions"}
Rendering template within layouts/application
Rendering user_sessions/new
Completed in 14ms (View: 2, DB: 0) | 200 OK [http://localhost/user_session/new]


Processing UserSessionsController#create (for 127.0.0.1 at 2009-05-11 22:33:24) [POST]
  Parameters: {"commit"=>"Create", "user_session"=>{"password"=>"[FILTERED]", "login"=>"jabbott", "remember_me"=>"0"}, "action"=>"create", "authenticity_token"=>"Z+7m2zlzS2HS11r2lnL0Kbh+ijv0mLJUoZhjKPIitmM=", "controller"=>"user_sessions"}
  [4;35;1mUser Load (0.6ms)[0m   [0mSELECT * FROM "users" WHERE (LOWER("users".login) = 'jabbott') LIMIT 1[0m
  [4;36;1mUser Update (0.4ms)[0m   [0;1mUPDATE "users" SET "login_count" = 4, "perishable_token" = 'EmDENAdT3xN_xkiyp76A', "last_request_at" = '2009-05-12 05:33:24', "last_login_at" = '2009-05-12 05:33:09', "updated_at" = '2009-05-12 05:33:24', "current_login_at" = '2009-05-12 05:33:24' WHERE "id" = 1[0m
Redirected to http://localhost:3000/account
Completed in 24ms (DB: 1) | 302 Found [http://localhost/user_session]


Processing UsersController#show (for 127.0.0.1 at 2009-05-11 22:33:24) [GET]
  Parameters: {"action"=>"show", "controller"=>"users"}
  [4;35;1mUser Load (0.4ms)[0m   [0mSELECT * FROM "users" WHERE ("users"."id" = '1') LIMIT 1[0m
  [4;36;1mUser Update (0.4ms)[0m   [0;1mUPDATE "users" SET "perishable_token" = '9q_ouhSBQgrKcR0r-Xhc', "last_request_at" = '2009-05-12 05:33:24', "updated_at" = '2009-05-12 05:33:24' WHERE "id" = 1[0m
Rendering template within layouts/application
Rendering users/show
Completed in 26ms (View: 2, DB: 1) | 200 OK [http://localhost/account]


Processing UsersController#show (for 127.0.0.1 at 2009-05-11 22:33:26) [GET]
  Parameters: {"action"=>"show", "controller"=>"users"}
  [4;35;1mUser Load (0.5ms)[0m   [0mSELECT * FROM "users" WHERE ("users"."id" = '1') LIMIT 1[0m
  [4;36;1mUser Update (0.5ms)[0m   [0;1mUPDATE "users" SET "perishable_token" = 'bYu340jukvxvjBfjUOOo', "last_request_at" = '2009-05-12 05:33:26', "updated_at" = '2009-05-12 05:33:26' WHERE "id" = 1[0m
Rendering template within layouts/application
Rendering users/show
Completed in 103ms (View: 2, DB: 1) | 200 OK [http://localhost/account]


Processing UserSessionsController#destroy (for 127.0.0.1 at 2009-05-11 22:33:29) [DELETE]
  Parameters: {"action"=>"destroy", "_method"=>"delete", "authenticity_token"=>"Z+7m2zlzS2HS11r2lnL0Kbh+ijv0mLJUoZhjKPIitmM=", "controller"=>"user_sessions"}
  [4;35;1mUser Load (0.4ms)[0m   [0mSELECT * FROM "users" WHERE ("users"."id" = '1') LIMIT 1[0m
  [4;36;1mUser Update (0.5ms)[0m   [0;1mUPDATE "users" SET "perishable_token" = '8cW-6GCcToiXZ24rHRJy', "last_request_at" = '2009-05-12 05:33:29', "updated_at" = '2009-05-12 05:33:29' WHERE "id" = 1[0m
Redirected to http://localhost:3000/user_session/new
Completed in 25ms (DB: 1) | 302 Found [http://localhost/user_session]


Processing UserSessionsController#new (for 127.0.0.1 at 2009-05-11 22:33:29) [GET]
  Parameters: {"action"=>"new", "controller"=>"user_sessions"}
Rendering template within layouts/application
Rendering user_sessions/new
Completed in 15ms (View: 2, DB: 0) | 200 OK [http://localhost/user_session/new]


Processing UsersController#show (for 127.0.0.1 at 2009-05-11 22:33:36) [GET]
  Parameters: {"action"=>"show", "controller"=>"users"}
Redirected to http://localhost:3000/user_session/new
Filter chain halted as [:require_user] rendered_or_redirected.
Completed in 13ms (DB: 0) | 302 Found [http://localhost/account]


Processing UserSessionsController#new (for 127.0.0.1 at 2009-05-11 22:33:36) [GET]
  Parameters: {"action"=>"new", "controller"=>"user_sessions"}
Rendering template within layouts/application
Rendering user_sessions/new
Completed in 14ms (View: 2, DB: 0) | 200 OK [http://localhost/user_session/new]


Processing UserSessionsController#create (for 127.0.0.1 at 2009-05-11 22:34:04) [POST]
  Parameters: {"commit"=>"Create", "user_session"=>{"password"=>"[FILTERED]", "login"=>"jabbott", "remember_me"=>"0"}, "action"=>"create", "authenticity_token"=>"Z+7m2zlzS2HS11r2lnL0Kbh+ijv0mLJUoZhjKPIitmM=", "controller"=>"user_sessions"}
  [4;35;1mUser Load (0.4ms)[0m   [0mSELECT * FROM "users" WHERE (LOWER("users".login) = 'jabbott') LIMIT 1[0m
  [4;36;1mUser Update (0.4ms)[0m   [0;1mUPDATE "users" SET "login_count" = 5, "perishable_token" = '-F3ocCWPA948LOoAGpV_', "last_request_at" = '2009-05-12 05:34:04', "last_login_at" = '2009-05-12 05:33:24', "updated_at" = '2009-05-12 05:34:04', "current_login_at" = '2009-05-12 05:34:04' WHERE "id" = 1[0m
Redirected to http://localhost:3000/account
Completed in 24ms (DB: 1) | 302 Found [http://localhost/user_session]


Processing UsersController#show (for 127.0.0.1 at 2009-05-11 22:34:04) [GET]
  Parameters: {"action"=>"show", "controller"=>"users"}
  [4;35;1mUser Load (0.4ms)[0m   [0mSELECT * FROM "users" WHERE ("users"."id" = '1') LIMIT 1[0m
  [4;36;1mUser Update (0.3ms)[0m   [0;1mUPDATE "users" SET "perishable_token" = 'WG5paVyTA46GF3MsRMIB', "last_request_at" = '2009-05-12 05:34:04', "updated_at" = '2009-05-12 05:34:04' WHERE "id" = 1[0m
Rendering template within layouts/application
Rendering users/show
Completed in 104ms (View: 84, DB: 1) | 200 OK [http://localhost/account]


Processing UserSessionsController#destroy (for 127.0.0.1 at 2009-05-11 22:34:18) [DELETE]
  Parameters: {"action"=>"destroy", "_method"=>"delete", "authenticity_token"=>"Z+7m2zlzS2HS11r2lnL0Kbh+ijv0mLJUoZhjKPIitmM=", "controller"=>"user_sessions"}
  [4;35;1mUser Load (0.4ms)[0m   [0mSELECT * FROM "users" WHERE ("users"."id" = '1') LIMIT 1[0m
  [4;36;1mUser Update (0.6ms)[0m   [0;1mUPDATE "users" SET "perishable_token" = 'h02DbFL84rcHZTuyTyeo', "last_request_at" = '2009-05-12 05:34:18', "updated_at" = '2009-05-12 05:34:18' WHERE "id" = 1[0m
Redirected to http://localhost:3000/user_session/new
Completed in 24ms (DB: 1) | 302 Found [http://localhost/user_session]


Processing UserSessionsController#new (for 127.0.0.1 at 2009-05-11 22:34:18) [GET]
  Parameters: {"action"=>"new", "controller"=>"user_sessions"}
Rendering template within layouts/application
Rendering user_sessions/new
Completed in 20ms (View: 8, DB: 0) | 200 OK [http://localhost/user_session/new]


Processing UserSessionsController#create (for 127.0.0.1 at 2009-05-11 22:34:23) [POST]
  Parameters: {"commit"=>"Create", "user_session"=>{"password"=>"[FILTERED]", "login"=>"jabbott", "remember_me"=>"0"}, "action"=>"create", "authenticity_token"=>"Z+7m2zlzS2HS11r2lnL0Kbh+ijv0mLJUoZhjKPIitmM=", "controller"=>"user_sessions"}
  [4;35;1mUser Load (0.4ms)[0m   [0mSELECT * FROM "users" WHERE (LOWER("users".login) = 'jabbott') LIMIT 1[0m
  [4;36;1mUser Update (0.3ms)[0m   [0;1mUPDATE "users" SET "login_count" = 6, "perishable_token" = 'xVkYXdJnnoirwt7QpBgF', "last_request_at" = '2009-05-12 05:34:23', "last_login_at" = '2009-05-12 05:34:04', "updated_at" = '2009-05-12 05:34:23', "current_login_at" = '2009-05-12 05:34:23' WHERE "id" = 1[0m
Redirected to http://localhost:3000/account
Completed in 24ms (DB: 1) | 302 Found [http://localhost/user_session]


Processing UsersController#show (for 127.0.0.1 at 2009-05-11 22:34:23) [GET]
  Parameters: {"action"=>"show", "controller"=>"users"}
  [4;35;1mUser Load (0.6ms)[0m   [0mSELECT * FROM "users" WHERE ("users"."id" = '1') LIMIT 1[0m
  [4;36;1mUser Update (0.4ms)[0m   [0;1mUPDATE "users" SET "perishable_token" = 'SUHEBOiMElXW9jPYMmmW', "last_request_at" = '2009-05-12 05:34:23', "updated_at" = '2009-05-12 05:34:23' WHERE "id" = 1[0m
Rendering template within layouts/application
Rendering users/show
Completed in 25ms (View: 2, DB: 1) | 200 OK [http://localhost/account]


Processing UsersController#show (for 127.0.0.1 at 2009-05-11 22:38:41) [GET]
  Parameters: {"action"=>"show", "controller"=>"users"}
  [4;35;1mUser Load (0.4ms)[0m   [0mSELECT * FROM "users" WHERE ("users"."id" = '1') LIMIT 1[0m
  [4;36;1mUser Update (0.4ms)[0m   [0;1mUPDATE "users" SET "perishable_token" = 'sTduKPB1rL9nURbmZzmO', "last_request_at" = '2009-05-12 05:38:41', "updated_at" = '2009-05-12 05:38:41' WHERE "id" = 1[0m
Rendering template within layouts/application
Rendering users/show
Completed in 28ms (View: 5, DB: 1) | 200 OK [http://localhost/account]


Processing UsersController#show (for 127.0.0.1 at 2009-05-11 22:39:14) [GET]
  Parameters: {"action"=>"show", "controller"=>"users"}
  [4;35;1mUser Load (0.4ms)[0m   [0mSELECT * FROM "users" WHERE ("users"."id" = '1') LIMIT 1[0m
  [4;36;1mUser Update (0.4ms)[0m   [0;1mUPDATE "users" SET "perishable_token" = '9ixMbrNEQ0o9Myd2nSuD', "last_request_at" = '2009-05-12 05:39:14', "updated_at" = '2009-05-12 05:39:14' WHERE "id" = 1[0m
Rendering template within layouts/application
Rendering users/show
Completed in 26ms (View: 2, DB: 1) | 200 OK [http://localhost/account]


Processing UserSessionsController#destroy (for 127.0.0.1 at 2009-05-11 22:39:18) [DELETE]
  Parameters: {"action"=>"destroy", "_method"=>"delete", "authenticity_token"=>"Z+7m2zlzS2HS11r2lnL0Kbh+ijv0mLJUoZhjKPIitmM=", "controller"=>"user_sessions"}
  [4;35;1mUser Load (0.6ms)[0m   [0mSELECT * FROM "users" WHERE ("users"."id" = '1') LIMIT 1[0m
  [4;36;1mUser Update (0.3ms)[0m   [0;1mUPDATE "users" SET "perishable_token" = 'Pnpv5VWq2cnbDp9EzeB_', "last_request_at" = '2009-05-12 05:39:18', "updated_at" = '2009-05-12 05:39:18' WHERE "id" = 1[0m
Redirected to http://localhost:3000/user_session/new
Completed in 25ms (DB: 1) | 302 Found [http://localhost/user_session]


Processing UserSessionsController#new (for 127.0.0.1 at 2009-05-11 22:39:18) [GET]
  Parameters: {"action"=>"new", "controller"=>"user_sessions"}
  [4;35;1mUser Load (0.4ms)[0m   [0mSELECT * FROM "users" WHERE ("users"."id" = '1') LIMIT 1[0m
  [4;36;1mUser Update (0.4ms)[0m   [0;1mUPDATE "users" SET "perishable_token" = 'tXhVEFYq22a2ZKTbpSHB', "last_request_at" = '2009-05-12 05:39:18', "updated_at" = '2009-05-12 05:39:18' WHERE "id" = 1[0m
Redirected to http://localhost:3000/account
Filter chain halted as [:require_no_user] rendered_or_redirected.
Completed in 23ms (DB: 1) | 302 Found [http://localhost/user_session/new]


Processing UsersController#show (for 127.0.0.1 at 2009-05-11 22:39:18) [GET]
  Parameters: {"action"=>"show", "controller"=>"users"}
  [4;35;1mUser Load (0.8ms)[0m   [0mSELECT * FROM "users" WHERE ("users"."id" = '1') LIMIT 1[0m
  [4;36;1mUser Update (0.3ms)[0m   [0;1mUPDATE "users" SET "perishable_token" = 'Srm1hvQX46x6AljIxL1i', "last_request_at" = '2009-05-12 05:39:18', "updated_at" = '2009-05-12 05:39:18' WHERE "id" = 1[0m
Rendering template within layouts/application
Rendering users/show
Completed in 23ms (View: 2, DB: 1) | 200 OK [http://localhost/account]


Processing UserSessionsController#destroy (for 127.0.0.1 at 2009-05-11 22:39:21) [DELETE]
  Parameters: {"action"=>"destroy", "_method"=>"delete", "authenticity_token"=>"Z+7m2zlzS2HS11r2lnL0Kbh+ijv0mLJUoZhjKPIitmM=", "controller"=>"user_sessions"}
  [4;35;1mUser Load (0.4ms)[0m   [0mSELECT * FROM "users" WHERE ("users"."id" = '1') LIMIT 1[0m
  [4;36;1mUser Update (0.3ms)[0m   [0;1mUPDATE "users" SET "perishable_token" = 'm2DyRUIOsA8l1L_KKvNB', "last_request_at" = '2009-05-12 05:39:21', "updated_at" = '2009-05-12 05:39:21' WHERE "id" = 1[0m
Redirected to http://localhost:3000/user_session/new
Completed in 23ms (DB: 1) | 302 Found [http://localhost/user_session]


Processing UserSessionsController#new (for 127.0.0.1 at 2009-05-11 22:39:21) [GET]
  Parameters: {"action"=>"new", "controller"=>"user_sessions"}
Rendering template within layouts/application
Rendering user_sessions/new
Completed in 18ms (View: 2, DB: 0) | 200 OK [http://localhost/user_session/new]


Processing UserSessionsController#create (for 127.0.0.1 at 2009-05-11 22:39:28) [POST]
  Parameters: {"commit"=>"Create", "user_session"=>{"password"=>"[FILTERED]", "login"=>"jabbott", "remember_me"=>"0"}, "action"=>"create", "authenticity_token"=>"Z+7m2zlzS2HS11r2lnL0Kbh+ijv0mLJUoZhjKPIitmM=", "controller"=>"user_sessions"}
  [4;35;1mUser Load (0.4ms)[0m   [0mSELECT * FROM "users" WHERE (LOWER("users".login) = 'jabbott') LIMIT 1[0m
  [4;36;1mUser Update (0.4ms)[0m   [0;1mUPDATE "users" SET "login_count" = 7, "perishable_token" = '57GP0gSnY99QHM64LM5x', "last_request_at" = '2009-05-12 05:39:28', "last_login_at" = '2009-05-12 05:34:23', "updated_at" = '2009-05-12 05:39:28', "current_login_at" = '2009-05-12 05:39:28' WHERE "id" = 1[0m
Redirected to http://localhost:3000/account
Completed in 26ms (DB: 1) | 302 Found [http://localhost/user_session]


Processing UsersController#show (for 127.0.0.1 at 2009-05-11 22:39:28) [GET]
  Parameters: {"action"=>"show", "controller"=>"users"}
  [4;35;1mUser Load (0.4ms)[0m   [0mSELECT * FROM "users" WHERE ("users"."id" = '1') LIMIT 1[0m
  [4;36;1mUser Update (0.3ms)[0m   [0;1mUPDATE "users" SET "perishable_token" = 'A8_AzpNN0xtD93TsheBP', "last_request_at" = '2009-05-12 05:39:28', "updated_at" = '2009-05-12 05:39:28' WHERE "id" = 1[0m
Rendering template within layouts/application
Rendering users/show
Completed in 26ms (View: 2, DB: 1) | 200 OK [http://localhost/account]


Processing UserSessionsController#destroy (for 127.0.0.1 at 2009-05-11 22:39:31) [DELETE]
  Parameters: {"action"=>"destroy", "_method"=>"delete", "authenticity_token"=>"Z+7m2zlzS2HS11r2lnL0Kbh+ijv0mLJUoZhjKPIitmM=", "controller"=>"user_sessions"}
  [4;35;1mUser Load (0.4ms)[0m   [0mSELECT * FROM "users" WHERE ("users"."id" = '1') LIMIT 1[0m
  [4;36;1mUser Update (0.3ms)[0m   [0;1mUPDATE "users" SET "perishable_token" = 'MwAQggEEchImAVSMIYlI', "last_request_at" = '2009-05-12 05:39:31', "updated_at" = '2009-05-12 05:39:31' WHERE "id" = 1[0m
Redirected to http://localhost:3000/user_session/new
Completed in 23ms (DB: 1) | 302 Found [http://localhost/user_session]


Processing UserSessionsController#new (for 127.0.0.1 at 2009-05-11 22:39:31) [GET]
  Parameters: {"action"=>"new", "controller"=>"user_sessions"}
Rendering template within layouts/application
Rendering user_sessions/new
Completed in 13ms (View: 2, DB: 0) | 200 OK [http://localhost/user_session/new]


Processing UsersController#new (for 127.0.0.1 at 2009-05-11 22:39:33) [GET]
  Parameters: {"action"=>"new", "controller"=>"users"}
Rendering template within layouts/application
Rendering users/new
Rendered users/_form (4.0ms)
Completed in 20ms (View: 6, DB: 0) | 200 OK [http://localhost/account/new]


Processing UsersController#index (for 127.0.0.1 at 2009-05-11 22:39:39) [GET]
  Parameters: {"action"=>"index", "controller"=>"users"}
  [4;35;1mUser Load (0.4ms)[0m   [0mSELECT * FROM "users" [0m
Rendering template within layouts/application
Rendering users/index
Rendered users/_user (4.2ms)
Completed in 18ms (View: 8, DB: 0) | 200 OK [http://localhost/users]


Processing UsersController#index (for 127.0.0.1 at 2009-05-11 22:40:41) [GET]
  Parameters: {"action"=>"index", "controller"=>"users"}
  [4;36;1mUser Load (0.9ms)[0m   [0;1mSELECT * FROM "users" [0m
Rendering template within layouts/application
Rendering users/index
Rendered users/_user (4.4ms)
Completed in 23ms (View: 10, DB: 1) | 200 OK [http://localhost/users]


Processing UserSessionsController#new (for 127.0.0.1 at 2009-05-11 22:40:45) [GET]
  Parameters: {"action"=>"new", "controller"=>"user_sessions"}
Rendering template within layouts/application
Rendering user_sessions/new
Completed in 15ms (View: 2, DB: 0) | 200 OK [http://localhost/user_session/new]


Processing UserSessionsController#new (for 127.0.0.1 at 2009-05-11 22:40:58) [GET]
  Parameters: {"action"=>"new", "controller"=>"user_sessions"}
Rendering template within layouts/application
Rendering user_sessions/new
Completed in 15ms (View: 2, DB: 0) | 200 OK [http://localhost/user_session/new]


Processing UserSessionsController#create (for 127.0.0.1 at 2009-05-11 22:41:02) [POST]
  Parameters: {"commit"=>"Create", "user_session"=>{"password"=>"[FILTERED]", "login"=>"jabbott", "remember_me"=>"0"}, "action"=>"create", "authenticity_token"=>"Z+7m2zlzS2HS11r2lnL0Kbh+ijv0mLJUoZhjKPIitmM=", "controller"=>"user_sessions"}
  [4;35;1mUser Load (0.4ms)[0m   [0mSELECT * FROM "users" WHERE (LOWER("users".login) = 'jabbott') LIMIT 1[0m
  [4;36;1mUser Update (0.3ms)[0m   [0;1mUPDATE "users" SET "login_count" = 8, "perishable_token" = 'xnq3VxHQBBerK1zfDmUW', "last_request_at" = '2009-05-12 05:41:02', "last_login_at" = '2009-05-12 05:39:28', "updated_at" = '2009-05-12 05:41:02', "current_login_at" = '2009-05-12 05:41:02' WHERE "id" = 1[0m
Redirected to http://localhost:3000/account
Completed in 22ms (DB: 1) | 302 Found [http://localhost/user_session]


Processing UsersController#show (for 127.0.0.1 at 2009-05-11 22:41:02) [GET]
  Parameters: {"action"=>"show", "controller"=>"users"}
  [4;35;1mUser Load (0.4ms)[0m   [0mSELECT * FROM "users" WHERE ("users"."id" = '1') LIMIT 1[0m
  [4;36;1mUser Update (0.3ms)[0m   [0;1mUPDATE "users" SET "perishable_token" = 'TSlt9XTGFO2iYN6f77zz', "last_request_at" = '2009-05-12 05:41:02', "updated_at" = '2009-05-12 05:41:02' WHERE "id" = 1[0m
Rendering template within layouts/application
Rendering users/show
Completed in 24ms (View: 2, DB: 1) | 200 OK [http://localhost/account]


Processing UsersController#index (for 127.0.0.1 at 2009-05-11 22:41:07) [GET]
  Parameters: {"action"=>"index", "controller"=>"users"}
  [4;35;1mUser Load (0.6ms)[0m   [0mSELECT * FROM "users" WHERE ("users"."id" = '1') LIMIT 1[0m
  [4;36;1mUser Update (0.3ms)[0m   [0;1mUPDATE "users" SET "perishable_token" = '67E8kvlGEb5c9dLFvaD2', "last_request_at" = '2009-05-12 05:41:07', "updated_at" = '2009-05-12 05:41:07' WHERE "id" = 1[0m
  [4;35;1mUser Load (0.6ms)[0m   [0mSELECT * FROM "users" [0m
Rendering template within layouts/application
Rendering users/index
Rendered users/_user (1.2ms)
Completed in 28ms (View: 3, DB: 1) | 200 OK [http://localhost/users]


Processing UserSessionsController#destroy (for 127.0.0.1 at 2009-05-11 22:41:13) [DELETE]
  Parameters: {"action"=>"destroy", "_method"=>"delete", "authenticity_token"=>"Z+7m2zlzS2HS11r2lnL0Kbh+ijv0mLJUoZhjKPIitmM=", "controller"=>"user_sessions"}
  [4;36;1mUser Load (0.4ms)[0m   [0;1mSELECT * FROM "users" WHERE ("users"."id" = '1') LIMIT 1[0m
  [4;35;1mUser Update (0.3ms)[0m   [0mUPDATE "users" SET "perishable_token" = '9dTFwqmwgVXmagZh4bKF', "last_request_at" = '2009-05-12 05:41:13', "updated_at" = '2009-05-12 05:41:13' WHERE "id" = 1[0m
Redirected to http://localhost:3000/user_session/new
Completed in 22ms (DB: 1) | 302 Found [http://localhost/user_session]


Processing UserSessionsController#new (for 127.0.0.1 at 2009-05-11 22:41:13) [GET]
  Parameters: {"action"=>"new", "controller"=>"user_sessions"}
Rendering template within layouts/application
Rendering user_sessions/new
Completed in 17ms (View: 3, DB: 0) | 200 OK [http://localhost/user_session/new]


Processing UsersController#index (for 127.0.0.1 at 2009-05-11 22:41:16) [GET]
  Parameters: {"action"=>"index", "controller"=>"users"}
Redirected to http://localhost:3000/user_session/new
Filter chain halted as [:require_user] rendered_or_redirected.
Completed in 10ms (DB: 0) | 302 Found [http://localhost/users]


Processing UserSessionsController#new (for 127.0.0.1 at 2009-05-11 22:41:16) [GET]
  Parameters: {"action"=>"new", "controller"=>"user_sessions"}
Rendering template within layouts/application
Rendering user_sessions/new
Completed in 16ms (View: 2, DB: 0) | 200 OK [http://localhost/user_session/new]


Processing UsersController#new (for 127.0.0.1 at 2009-05-11 22:42:50) [GET]
  Parameters: {"action"=>"new", "controller"=>"users"}
  [4;36;1mUser Load (0.4ms)[0m   [0;1mSELECT * FROM "users" WHERE ("users"."id" = '1') LIMIT 1[0m
  [4;35;1mUser Update (0.3ms)[0m   [0mUPDATE "users" SET "perishable_token" = '8tYU7rXeTV9hHhMJ7QUR', "last_request_at" = '2009-05-12 05:42:50', "updated_at" = '2009-05-12 05:42:50' WHERE "id" = 1[0m
Redirected to http://localhost:3000/account
Filter chain halted as [:require_no_user] rendered_or_redirected.
Completed in 19ms (DB: 1) | 302 Found [http://localhost/account/new]


Processing UsersController#show (for 127.0.0.1 at 2009-05-11 22:42:50) [GET]
  Parameters: {"action"=>"show", "controller"=>"users"}
  [4;36;1mUser Load (0.4ms)[0m   [0;1mSELECT * FROM "users" WHERE ("users"."id" = '1') LIMIT 1[0m
  [4;35;1mUser Update (0.3ms)[0m   [0mUPDATE "users" SET "perishable_token" = 'zrCN4POViGXO0mMUMC6x', "last_request_at" = '2009-05-12 05:42:50', "updated_at" = '2009-05-12 05:42:50' WHERE "id" = 1[0m
Rendering template within layouts/application
Rendering users/show
Completed in 26ms (View: 3, DB: 1) | 200 OK [http://localhost/account]


Processing UsersController#show (for 127.0.0.1 at 2009-05-11 22:42:52) [GET]
  Parameters: {"action"=>"show", "controller"=>"users"}
  [4;36;1mUser Load (0.4ms)[0m   [0;1mSELECT * FROM "users" WHERE ("users"."id" = '1') LIMIT 1[0m
  [4;35;1mUser Update (0.6ms)[0m   [0mUPDATE "users" SET "perishable_token" = 'K636kq-CzUf3vFW7pA9c', "last_request_at" = '2009-05-12 05:42:52', "updated_at" = '2009-05-12 05:42:52' WHERE "id" = 1[0m
Rendering template within layouts/application
Rendering users/show
Completed in 113ms (View: 2, DB: 1) | 200 OK [http://localhost/account]


Processing UsersController#new (for 127.0.0.1 at 2009-05-11 22:42:55) [GET]
  Parameters: {"action"=>"new", "controller"=>"users"}
  [4;36;1mUser Load (0.7ms)[0m   [0;1mSELECT * FROM "users" WHERE ("users"."id" = '1') LIMIT 1[0m
  [4;35;1mUser Update (0.4ms)[0m   [0mUPDATE "users" SET "perishable_token" = 'AFJYBAYzifUke0xSuJco', "last_request_at" = '2009-05-12 05:42:55', "updated_at" = '2009-05-12 05:42:55' WHERE "id" = 1[0m
Redirected to http://localhost:3000/account
Filter chain halted as [:require_no_user] rendered_or_redirected.
Completed in 23ms (DB: 1) | 302 Found [http://localhost/account/new]


Processing UsersController#show (for 127.0.0.1 at 2009-05-11 22:42:55) [GET]
  Parameters: {"action"=>"show", "controller"=>"users"}
  [4;36;1mUser Load (0.5ms)[0m   [0;1mSELECT * FROM "users" WHERE ("users"."id" = '1') LIMIT 1[0m
  [4;35;1mUser Update (0.4ms)[0m   [0mUPDATE "users" SET "perishable_token" = 'eRAY5zYDCZC1qErtwqIb', "last_request_at" = '2009-05-12 05:42:55', "updated_at" = '2009-05-12 05:42:55' WHERE "id" = 1[0m
Rendering template within layouts/application
Rendering users/show
Completed in 24ms (View: 2, DB: 1) | 200 OK [http://localhost/account]


Processing UserSessionsController#destroy (for 127.0.0.1 at 2009-05-11 22:42:57) [DELETE]
  Parameters: {"action"=>"destroy", "_method"=>"delete", "authenticity_token"=>"Z+7m2zlzS2HS11r2lnL0Kbh+ijv0mLJUoZhjKPIitmM=", "controller"=>"user_sessions"}
  [4;36;1mUser Load (0.6ms)[0m   [0;1mSELECT * FROM "users" WHERE ("users"."id" = '1') LIMIT 1[0m
  [4;35;1mUser Update (0.3ms)[0m   [0mUPDATE "users" SET "perishable_token" = 'UExU8FrCOB6lptpiejgo', "last_request_at" = '2009-05-12 05:42:57', "updated_at" = '2009-05-12 05:42:57' WHERE "id" = 1[0m
Redirected to http://localhost:3000/account/new
Completed in 27ms (DB: 1) | 302 Found [http://localhost/user_session]


Processing UsersController#new (for 127.0.0.1 at 2009-05-11 22:42:57) [GET]
  Parameters: {"action"=>"new", "controller"=>"users"}
Rendering template within layouts/application
Rendering users/new
Rendered users/_form (3.7ms)
Completed in 18ms (View: 6, DB: 0) | 200 OK [http://localhost/account/new]


Processing UsersController#create (for 127.0.0.1 at 2009-05-11 22:43:00) [POST]
  Parameters: {"user"=>{"password_confirmation"=>"[FILTERED]", "password"=>"[FILTERED]", "login"=>"", "email_address"=>"", "name_last"=>"", "name_first"=>""}, "commit"=>"Save", "action"=>"create", "authenticity_token"=>"Z+7m2zlzS2HS11r2lnL0Kbh+ijv0mLJUoZhjKPIitmM=", "controller"=>"users"}

NoMethodError (You have a nil object when you didn't expect it!
You might have expected an instance of ActiveRecord::Base.
The error occurred while evaluating nil.save):
  app/controllers/users_controller.rb:49:in `create'
  app/controllers/users_controller.rb:48:in `create'

Rendered rescues/_trace (33.6ms)
Rendered rescues/_request_and_response (0.5ms)
Rendering rescues/layout (internal_server_error)


Processing UsersController#index (for 127.0.0.1 at 2009-05-11 22:43:04) [GET]
  Parameters: {"action"=>"index", "controller"=>"users"}
Redirected to http://localhost:3000/user_session/new
Filter chain halted as [:require_user] rendered_or_redirected.
Completed in 11ms (DB: 0) | 302 Found [http://localhost/users]


Processing UserSessionsController#new (for 127.0.0.1 at 2009-05-11 22:43:04) [GET]
  Parameters: {"action"=>"new", "controller"=>"user_sessions"}
Rendering template within layouts/application
Rendering user_sessions/new
Completed in 19ms (View: 3, DB: 0) | 200 OK [http://localhost/user_session/new]


Processing UsersController#new (for 127.0.0.1 at 2009-05-11 22:43:07) [GET]
  Parameters: {"action"=>"new", "controller"=>"users"}
Rendering template within layouts/application
Rendering users/new
Rendered users/_form (3.7ms)
Completed in 18ms (View: 6, DB: 0) | 200 OK [http://localhost/account/new]


Processing UserSessionsController#new (for 127.0.0.1 at 2009-05-11 22:43:08) [GET]
  Parameters: {"action"=>"new", "controller"=>"user_sessions"}
Rendering template within layouts/application
Rendering user_sessions/new
Completed in 14ms (View: 2, DB: 0) | 200 OK [http://localhost/user_session/new]


Processing UsersController#new (for 127.0.0.1 at 2009-05-11 22:43:09) [GET]
  Parameters: {"action"=>"new", "controller"=>"users"}
Rendering template within layouts/application
Rendering users/new
Rendered users/_form (3.6ms)
Completed in 106ms (View: 6, DB: 0) | 200 OK [http://localhost/account/new]


Processing UsersController#show (for 127.0.0.1 at 2009-05-11 22:43:12) [GET]
  Parameters: {"action"=>"show", "controller"=>"users"}
Redirected to http://localhost:3000/user_session/new
Filter chain halted as [:require_user] rendered_or_redirected.
Completed in 12ms (DB: 0) | 302 Found [http://localhost/account]


Processing UserSessionsController#new (for 127.0.0.1 at 2009-05-11 22:43:12) [GET]
  Parameters: {"action"=>"new", "controller"=>"user_sessions"}
Rendering template within layouts/application
Rendering user_sessions/new
Completed in 14ms (View: 2, DB: 0) | 200 OK [http://localhost/user_session/new]


Processing UserSessionsController#new (for 127.0.0.1 at 2009-05-11 22:43:43) [GET]
  Parameters: {"action"=>"new", "controller"=>"user_sessions"}
  [4;36;1mUser Load (0.4ms)[0m   [0;1mSELECT * FROM "users" WHERE ("users"."id" = '1') LIMIT 1[0m
  [4;35;1mUser Update (0.4ms)[0m   [0mUPDATE "users" SET "perishable_token" = 'RCLxUeJh8tEu7W5rjbx7', "last_request_at" = '2009-05-12 05:43:43', "updated_at" = '2009-05-12 05:43:43' WHERE "id" = 1[0m
Redirected to http://localhost:3000/account
Filter chain halted as [:require_no_user] rendered_or_redirected.
Completed in 21ms (DB: 1) | 302 Found [http://localhost/user_session/new]


Processing UsersController#show (for 127.0.0.1 at 2009-05-11 22:43:43) [GET]
  Parameters: {"action"=>"show", "controller"=>"users"}
  [4;36;1mUser Load (0.6ms)[0m   [0;1mSELECT * FROM "users" WHERE ("users"."id" = '1') LIMIT 1[0m
  [4;35;1mUser Update (0.4ms)[0m   [0mUPDATE "users" SET "perishable_token" = 'sGUhBiDGO5rDeRlCT7rf', "last_request_at" = '2009-05-12 05:43:43', "updated_at" = '2009-05-12 05:43:43' WHERE "id" = 1[0m
Rendering template within layouts/application
Rendering users/show
Completed in 26ms (View: 2, DB: 1) | 200 OK [http://localhost/account]


Processing UsersController#show (for 127.0.0.1 at 2009-05-11 22:43:50) [GET]
  Parameters: {"action"=>"show", "controller"=>"users"}
  [4;36;1mUser Load (0.6ms)[0m   [0;1mSELECT * FROM "users" WHERE ("users"."id" = '1') LIMIT 1[0m
  [4;35;1mUser Update (0.4ms)[0m   [0mUPDATE "users" SET "perishable_token" = 'yMXcTFo7lDUn3OpO_ja2', "last_request_at" = '2009-05-12 05:43:50', "updated_at" = '2009-05-12 05:43:50' WHERE "id" = 1[0m
Rendering template within layouts/application
Rendering users/show
Completed in 26ms (View: 2, DB: 1) | 200 OK [http://localhost/account]


Processing UserSessionsController#destroy (for 127.0.0.1 at 2009-05-11 22:43:54) [DELETE]
  Parameters: {"action"=>"destroy", "_method"=>"delete", "authenticity_token"=>"Z+7m2zlzS2HS11r2lnL0Kbh+ijv0mLJUoZhjKPIitmM=", "controller"=>"user_sessions"}
  [4;36;1mUser Load (0.4ms)[0m   [0;1mSELECT * FROM "users" WHERE ("users"."id" = '1') LIMIT 1[0m
  [4;35;1mUser Update (0.6ms)[0m   [0mUPDATE "users" SET "perishable_token" = 'IWcmzsKCzaO2LHQwJUO3', "last_request_at" = '2009-05-12 05:43:54', "updated_at" = '2009-05-12 05:43:54' WHERE "id" = 1[0m
Redirected to http://localhost:3000/user_session/new
Completed in 104ms (DB: 1) | 302 Found [http://localhost/user_session]


Processing UserSessionsController#new (for 127.0.0.1 at 2009-05-11 22:43:54) [GET]
  Parameters: {"action"=>"new", "controller"=>"user_sessions"}
Rendering template within layouts/application
Rendering user_sessions/new
Completed in 14ms (View: 2, DB: 0) | 200 OK [http://localhost/user_session/new]


Processing UserSessionsController#new (for 127.0.0.1 at 2009-05-11 22:43:56) [GET]
  Parameters: {"action"=>"new", "controller"=>"user_sessions"}
Rendering template within layouts/application
Rendering user_sessions/new
Completed in 15ms (View: 2, DB: 0) | 200 OK [http://localhost/user_session/new]


Processing UsersController#new (for 127.0.0.1 at 2009-05-11 22:43:57) [GET]
  Parameters: {"action"=>"new", "controller"=>"users"}
Rendering template within layouts/application
Rendering users/new
Rendered users/_form (4.1ms)
Completed in 19ms (View: 6, DB: 0) | 200 OK [http://localhost/account/new]


Processing UsersController#show (for 127.0.0.1 at 2009-05-11 22:44:00) [GET]
  Parameters: {"action"=>"show", "controller"=>"users"}
Redirected to http://localhost:3000/user_session/new
Filter chain halted as [:require_user] rendered_or_redirected.
Completed in 10ms (DB: 0) | 302 Found [http://localhost/account]


Processing UserSessionsController#new (for 127.0.0.1 at 2009-05-11 22:44:00) [GET]
  Parameters: {"action"=>"new", "controller"=>"user_sessions"}
Rendering template within layouts/application
Rendering user_sessions/new
Completed in 14ms (View: 2, DB: 0) | 200 OK [http://localhost/user_session/new]


Processing UsersController#new (for 127.0.0.1 at 2009-05-11 22:44:34) [GET]
  Parameters: {"action"=>"new", "controller"=>"users"}
  [4;36;1mUser Load (0.5ms)[0m   [0;1mSELECT * FROM "users" WHERE ("users"."id" = '1') LIMIT 1[0m
  [4;35;1mUser Update (0.4ms)[0m   [0mUPDATE "users" SET "perishable_token" = 'YvJaeaSUTtAq8HeqdY2F', "last_request_at" = '2009-05-12 05:44:34', "updated_at" = '2009-05-12 05:44:34' WHERE "id" = 1[0m
Redirected to http://localhost:3000/account
Filter chain halted as [:require_no_user] rendered_or_redirected.
Completed in 102ms (DB: 1) | 302 Found [http://localhost/account/new]


Processing UsersController#show (for 127.0.0.1 at 2009-05-11 22:44:34) [GET]
  Parameters: {"action"=>"show", "controller"=>"users"}
  [4;36;1mUser Load (0.4ms)[0m   [0;1mSELECT * FROM "users" WHERE ("users"."id" = '1') LIMIT 1[0m
  [4;35;1mUser Update (0.4ms)[0m   [0mUPDATE "users" SET "perishable_token" = 'Mw8hPxTy5y5hBh7jVgbD', "last_request_at" = '2009-05-12 05:44:34', "updated_at" = '2009-05-12 05:44:34' WHERE "id" = 1[0m
Rendering template within layouts/application
Rendering users/show

ActionView::TemplateError (undefined local variable or method `user_session_path' for #<ActionView::Base:0x248ad94>) on line #12 of app/views/layouts/application.html.erb:
9: </head>
10: <body>
11: 
12: <%= navigation %>
13: 
14: <%= render_flash_messages %>
15: 

    app/helpers/application_helper.rb:5:in `navigation'
    app/views/layouts/application.html.erb:12
    app/controllers/users_controller.rb:21:in `show'

Rendered rescues/_trace (112.9ms)
Rendered rescues/_request_and_response (0.3ms)
Rendering rescues/layout (internal_server_error)


Processing UserSessionsController#new (for 127.0.0.1 at 2009-05-11 22:44:43) [GET]
  Parameters: {"action"=>"new", "controller"=>"user_sessions"}
  [4;36;1mUser Load (0.6ms)[0m   [0;1mSELECT * FROM "users" WHERE ("users"."id" = '1') LIMIT 1[0m
  [4;35;1mUser Update (0.3ms)[0m   [0mUPDATE "users" SET "perishable_token" = '-8kyBYK5V4x8GFM5bp9q', "last_request_at" = '2009-05-12 05:44:43', "updated_at" = '2009-05-12 05:44:43' WHERE "id" = 1[0m
Redirected to http://localhost:3000/account
Filter chain halted as [:require_no_user] rendered_or_redirected.
Completed in 22ms (DB: 1) | 302 Found [http://localhost/sessions/new]


Processing UsersController#show (for 127.0.0.1 at 2009-05-11 22:44:43) [GET]
  Parameters: {"action"=>"show", "controller"=>"users"}
  [4;36;1mUser Load (0.4ms)[0m   [0;1mSELECT * FROM "users" WHERE ("users"."id" = '1') LIMIT 1[0m
  [4;35;1mUser Update (0.3ms)[0m   [0mUPDATE "users" SET "perishable_token" = 'RqQkwNXH2L2Yy3T3p6di', "last_request_at" = '2009-05-12 05:44:43', "updated_at" = '2009-05-12 05:44:43' WHERE "id" = 1[0m
Rendering template within layouts/application
Rendering users/show

ActionView::TemplateError (undefined local variable or method `user_session_path' for #<ActionView::Base:0x23bd5ec>) on line #12 of app/views/layouts/application.html.erb:
9: </head>
10: <body>
11: 
12: <%= navigation %>
13: 
14: <%= render_flash_messages %>
15: 

    app/helpers/application_helper.rb:5:in `navigation'
    app/views/layouts/application.html.erb:12
    app/controllers/users_controller.rb:21:in `show'

Rendered rescues/_trace (114.2ms)
Rendered rescues/_request_and_response (0.3ms)
Rendering rescues/layout (internal_server_error)


Processing UsersController#show (for 127.0.0.1 at 2009-05-11 22:44:54) [GET]
  Parameters: {"action"=>"show", "controller"=>"users"}
  [4;36;1mUser Load (0.4ms)[0m   [0;1mSELECT * FROM "users" WHERE ("users"."id" = '1') LIMIT 1[0m
  [4;35;1mUser Update (0.4ms)[0m   [0mUPDATE "users" SET "perishable_token" = 'EZxaO-VMPehaPBROCQOy', "last_request_at" = '2009-05-12 05:44:54', "updated_at" = '2009-05-12 05:44:54' WHERE "id" = 1[0m
Rendering template within layouts/application
Rendering users/show
Completed in 24ms (View: 2, DB: 1) | 200 OK [http://localhost/account]


Processing UserSessionsController#destroy (for 127.0.0.1 at 2009-05-11 22:44:58) [DELETE]
  Parameters: {"action"=>"destroy", "_method"=>"delete", "authenticity_token"=>"Z+7m2zlzS2HS11r2lnL0Kbh+ijv0mLJUoZhjKPIitmM=", "controller"=>"user_sessions"}
  [4;36;1mUser Load (0.4ms)[0m   [0;1mSELECT * FROM "users" WHERE ("users"."id" = '1') LIMIT 1[0m
  [4;35;1mUser Update (0.5ms)[0m   [0mUPDATE "users" SET "perishable_token" = 'a-DiPfduv2g46mXoQwr3', "last_request_at" = '2009-05-12 05:44:58', "updated_at" = '2009-05-12 05:44:58' WHERE "id" = 1[0m
Redirected to http://localhost:3000/sessions/new
Completed in 24ms (DB: 1) | 302 Found [http://localhost/user_session]


Processing ApplicationController#index (for 127.0.0.1 at 2009-05-11 22:44:58) [GET]

ActionController::RoutingError (No route matches "/sessions/new" with {:method=>:get}):
  

Rendering rescues/layout (not_found)


Processing UserSessionsController#new (for 127.0.0.1 at 2009-05-11 22:45:02) [GET]
  Parameters: {"action"=>"new", "controller"=>"user_sessions"}
Rendering template within layouts/application
Rendering user_sessions/new
Completed in 15ms (View: 2, DB: 0) | 200 OK [http://localhost/]


Processing UsersController#show (for 127.0.0.1 at 2009-05-11 22:45:07) [GET]
  Parameters: {"action"=>"show", "controller"=>"users"}
Redirected to http://localhost:3000/user_session/new
Filter chain halted as [:require_user] rendered_or_redirected.
Completed in 91ms (DB: 0) | 302 Found [http://localhost/account]


Processing UserSessionsController#new (for 127.0.0.1 at 2009-05-11 22:45:07) [GET]
  Parameters: {"action"=>"new", "controller"=>"user_sessions"}
Rendering template within layouts/application
Rendering user_sessions/new
Completed in 15ms (View: 3, DB: 0) | 200 OK [http://localhost/user_session/new]


Processing UserSessionsController#new (for 127.0.0.1 at 2009-05-11 22:45:53) [GET]
  Parameters: {"action"=>"new", "controller"=>"user_sessions"}
Rendering template within layouts/application
Rendering user_sessions/new
Completed in 30ms (View: 17, DB: 0) | 200 OK [http://localhost/]


Processing UserSessionsController#new (for 127.0.0.1 at 2009-05-11 22:46:35) [GET]
  Parameters: {"action"=>"new", "controller"=>"user_sessions"}
Rendering template within layouts/application
Rendering user_sessions/new
Completed in 16ms (View: 2, DB: 0) | 200 OK [http://localhost/user_session/new]


Processing UserSessionsController#create (for 127.0.0.1 at 2009-05-11 22:46:42) [POST]
  Parameters: {"commit"=>"Create", "user_session"=>{"password"=>"[FILTERED]", "login"=>"jabbott", "remember_me"=>"0"}, "action"=>"create", "authenticity_token"=>"bEIm5k5gdNPVdyO/UXSjXPaMdUSjUYPcK2iMVtgoqYw=", "controller"=>"user_sessions"}
  [4;36;1mUser Load (0.4ms)[0m   [0;1mSELECT * FROM "users" WHERE (LOWER("users".login) = 'jabbott') LIMIT 1[0m
  [4;35;1mUser Update (0.5ms)[0m   [0mUPDATE "users" SET "login_count" = 9, "perishable_token" = '2rplRys2hBW_fLMuewE8', "last_request_at" = '2009-05-12 05:46:42', "last_login_at" = '2009-05-12 05:41:02', "updated_at" = '2009-05-12 05:46:42', "current_login_at" = '2009-05-12 05:46:42' WHERE "id" = 1[0m
Redirected to http://localhost:3000/account
Completed in 25ms (DB: 1) | 302 Found [http://localhost/user_session]


Processing UsersController#show (for 127.0.0.1 at 2009-05-11 22:46:42) [GET]
  Parameters: {"action"=>"show", "controller"=>"users"}
  [4;36;1mUser Load (0.6ms)[0m   [0;1mSELECT * FROM "users" WHERE ("users"."id" = '1') LIMIT 1[0m
  [4;35;1mUser Update (0.3ms)[0m   [0mUPDATE "users" SET "perishable_token" = 'cD9fQXf4aO6G-Twd8Mtt', "last_request_at" = '2009-05-12 05:46:42', "updated_at" = '2009-05-12 05:46:42' WHERE "id" = 1[0m
Rendering template within layouts/application
Rendering users/show
Completed in 22ms (View: 2, DB: 1) | 200 OK [http://localhost/account]


Processing UserSessionsController#destroy (for 127.0.0.1 at 2009-05-11 22:46:50) [DELETE]
  Parameters: {"action"=>"destroy", "_method"=>"delete", "authenticity_token"=>"bEIm5k5gdNPVdyO/UXSjXPaMdUSjUYPcK2iMVtgoqYw=", "controller"=>"user_sessions"}
  [4;36;1mUser Load (0.4ms)[0m   [0;1mSELECT * FROM "users" WHERE ("users"."id" = '1') LIMIT 1[0m
  [4;35;1mUser Update (0.4ms)[0m   [0mUPDATE "users" SET "perishable_token" = 'dzuLdH7rEGucn7CpUmot', "last_request_at" = '2009-05-12 05:46:50', "updated_at" = '2009-05-12 05:46:50' WHERE "id" = 1[0m
Redirected to http://localhost:3000/user_session/new
Completed in 103ms (DB: 1) | 302 Found [http://localhost/user_session]


Processing UserSessionsController#new (for 127.0.0.1 at 2009-05-11 22:46:50) [GET]
  Parameters: {"action"=>"new", "controller"=>"user_sessions"}
Rendering template within layouts/application
Rendering user_sessions/new
Completed in 15ms (View: 2, DB: 0) | 200 OK [http://localhost/user_session/new]


Processing UsersController#new (for 127.0.0.1 at 2009-05-11 22:46:52) [GET]
  Parameters: {"action"=>"new", "controller"=>"users"}
  [4;36;1mUser Load (0.4ms)[0m   [0;1mSELECT * FROM "users" WHERE ("users"."id" = '1') LIMIT 1[0m
  [4;35;1mUser Update (0.3ms)[0m   [0mUPDATE "users" SET "perishable_token" = 'uwyPuipT4___3BQ3DXZH', "last_request_at" = '2009-05-12 05:46:52', "updated_at" = '2009-05-12 05:46:52' WHERE "id" = 1[0m
Redirected to http://localhost:3000/account
Filter chain halted as [:require_no_user] rendered_or_redirected.
Completed in 20ms (DB: 1) | 302 Found [http://localhost/account/new]


Processing UsersController#show (for 127.0.0.1 at 2009-05-11 22:46:52) [GET]
  Parameters: {"action"=>"show", "controller"=>"users"}
  [4;36;1mUser Load (0.5ms)[0m   [0;1mSELECT * FROM "users" WHERE ("users"."id" = '1') LIMIT 1[0m
  [4;35;1mUser Update (0.4ms)[0m   [0mUPDATE "users" SET "perishable_token" = 'RgAeCn_cygqAQXnqTm9z', "last_request_at" = '2009-05-12 05:46:52', "updated_at" = '2009-05-12 05:46:52' WHERE "id" = 1[0m
Rendering template within layouts/application
Rendering users/show
Completed in 26ms (View: 2, DB: 1) | 200 OK [http://localhost/account]


Processing UsersController#show (for 127.0.0.1 at 2009-05-11 22:46:54) [GET]
  Parameters: {"action"=>"show", "controller"=>"users"}
  [4;36;1mUser Load (0.4ms)[0m   [0;1mSELECT * FROM "users" WHERE ("users"."id" = '1') LIMIT 1[0m
  [4;35;1mUser Update (0.3ms)[0m   [0mUPDATE "users" SET "perishable_token" = 'A25wNzAN37VPzRaKP7n8', "last_request_at" = '2009-05-12 05:46:54', "updated_at" = '2009-05-12 05:46:54' WHERE "id" = 1[0m
Rendering template within layouts/application
Rendering users/show
Completed in 24ms (View: 2, DB: 1) | 200 OK [http://localhost/account]


Processing UsersController#show (for 127.0.0.1 at 2009-05-11 22:46:55) [GET]
  Parameters: {"action"=>"show", "controller"=>"users"}
  [4;36;1mUser Load (0.4ms)[0m   [0;1mSELECT * FROM "users" WHERE ("users"."id" = '1') LIMIT 1[0m
  [4;35;1mUser Update (0.4ms)[0m   [0mUPDATE "users" SET "perishable_token" = 'X2lFmjoLJGF0oH5hHY26', "last_request_at" = '2009-05-12 05:46:55', "updated_at" = '2009-05-12 05:46:55' WHERE "id" = 1[0m
Rendering template within layouts/application
Rendering users/show
Completed in 26ms (View: 3, DB: 1) | 200 OK [http://localhost/account]


Processing UserSessionsController#destroy (for 127.0.0.1 at 2009-05-11 22:46:57) [DELETE]
  Parameters: {"action"=>"destroy", "_method"=>"delete", "authenticity_token"=>"bEIm5k5gdNPVdyO/UXSjXPaMdUSjUYPcK2iMVtgoqYw=", "controller"=>"user_sessions"}
  [4;36;1mUser Load (0.5ms)[0m   [0;1mSELECT * FROM "users" WHERE ("users"."id" = '1') LIMIT 1[0m
  [4;35;1mUser Update (0.5ms)[0m   [0mUPDATE "users" SET "perishable_token" = 'TMc7M-Fz3H3U7Ef7fWBV', "last_request_at" = '2009-05-12 05:46:57', "updated_at" = '2009-05-12 05:46:57' WHERE "id" = 1[0m
Redirected to http://localhost:3000/account/new
Completed in 105ms (DB: 1) | 302 Found [http://localhost/user_session]


Processing UsersController#new (for 127.0.0.1 at 2009-05-11 22:46:57) [GET]
  Parameters: {"action"=>"new", "controller"=>"users"}
Rendering template within layouts/application
Rendering users/new
Rendered users/_form (3.8ms)
Completed in 19ms (View: 6, DB: 0) | 200 OK [http://localhost/account/new]


Processing UsersController#new (for 127.0.0.1 at 2009-05-11 22:47:00) [GET]
  Parameters: {"action"=>"new", "controller"=>"users"}
Rendering template within layouts/application
Rendering users/new
Rendered users/_form (4.3ms)
Completed in 20ms (View: 6, DB: 0) | 200 OK [http://localhost/account/new]


Processing UsersController#create (for 127.0.0.1 at 2009-05-11 22:47:12) [POST]
  Parameters: {"user"=>{"password_confirmation"=>"[FILTERED]", "password"=>"[FILTERED]", "login"=>"asdf", "email_address"=>"asdf@asdf.com", "name_last"=>"User", "name_first"=>"Test"}, "commit"=>"Save", "action"=>"create", "authenticity_token"=>"bEIm5k5gdNPVdyO/UXSjXPaMdUSjUYPcK2iMVtgoqYw=", "controller"=>"users"}

NoMethodError (You have a nil object when you didn't expect it!
You might have expected an instance of ActiveRecord::Base.
The error occurred while evaluating nil.save):
  app/controllers/users_controller.rb:49:in `create'
  app/controllers/users_controller.rb:48:in `create'

Rendered rescues/_trace (30.8ms)
Rendered rescues/_request_and_response (0.3ms)
Rendering rescues/layout (internal_server_error)


Processing UsersController#create (for 127.0.0.1 at 2009-05-11 22:47:20) [POST]
  Parameters: {"user"=>{"password_confirmation"=>"[FILTERED]", "password"=>"[FILTERED]", "login"=>"asdf", "email_address"=>"asdf@asdf.com", "name_last"=>"User", "name_first"=>"Test"}, "commit"=>"Save", "action"=>"create", "authenticity_token"=>"bEIm5k5gdNPVdyO/UXSjXPaMdUSjUYPcK2iMVtgoqYw=", "controller"=>"users"}

NoMethodError (You have a nil object when you didn't expect it!
You might have expected an instance of ActiveRecord::Base.
The error occurred while evaluating nil.save):
  app/controllers/users_controller.rb:49:in `create'
  app/controllers/users_controller.rb:48:in `create'

Rendered rescues/_trace (34.4ms)
Rendered rescues/_request_and_response (0.4ms)
Rendering rescues/layout (internal_server_error)


Processing UsersController#new (for 127.0.0.1 at 2009-05-11 22:47:39) [GET]
  Parameters: {"action"=>"new", "controller"=>"users"}
Rendering template within layouts/application
Rendering users/new
Rendered users/_form (3.6ms)
Completed in 18ms (View: 6, DB: 0) | 200 OK [http://localhost/account/new]


Processing UsersController#create (for 127.0.0.1 at 2009-05-11 22:47:48) [POST]
  Parameters: {"user"=>{"password_confirmation"=>"[FILTERED]", "password"=>"[FILTERED]", "login"=>"asdf", "email_address"=>"asdf@asdf.com", "name_last"=>"User", "name_first"=>"Test"}, "commit"=>"Save", "action"=>"create", "authenticity_token"=>"bEIm5k5gdNPVdyO/UXSjXPaMdUSjUYPcK2iMVtgoqYw=", "controller"=>"users"}
  [4;36;1mUser Exists (0.2ms)[0m   [0;1mSELECT "users".id FROM "users" WHERE (LOWER("users"."email_address") = 'asdf@asdf.com') LIMIT 1[0m
  [4;35;1mUser Exists (0.1ms)[0m   [0mSELECT "users".id FROM "users" WHERE (LOWER("users"."login") = 'asdf') LIMIT 1[0m
  [4;36;1mUser Exists (0.1ms)[0m   [0;1mSELECT "users".id FROM "users" WHERE ("users"."persistence_token" = 'fda0849b00f0d15ed6d61c6c78872cfd9111a050b62c2bf85a02cc1ede18b4aff56637064a5dc602e74612db3051646ba599c4c25504b3b2b02bccf1a313941b') LIMIT 1[0m
  [4;35;1mUser Exists (0.1ms)[0m   [0mSELECT "users".id FROM "users" WHERE ("users"."single_access_token" = 'gCjydr7tGLanm-UAfKU4') LIMIT 1[0m
  [4;36;1mUser Create (0.4ms)[0m   [0;1mINSERT INTO "users" ("last_login_at", "last_request_at", "updated_at", "crypted_password", "single_access_token", "perishable_token", "current_login_ip", "password_salt", "current_login_at", "failed_login_count", "persistence_token", "login_count", "login", "name_first", "name_last", "email_address", "last_login_ip", "created_at") VALUES(NULL, '2009-05-12 05:47:48', '2009-05-12 05:47:48', '89aed2bed73608dc26b565f2e25f76e2f135cbc71fbdba9a506f2d71725d865a60736b1dfb71d52f45218cb0ce7410ac77605e4fc189bf8222ca294c6d3efbdd', 'gCjydr7tGLanm-UAfKU4', 'fD0amf9xYECh9R-Koufb', '127.0.0.1', 'D9RcJCoL2BI5iEKB0QnB', '2009-05-12 05:47:48', 0, 'fda0849b00f0d15ed6d61c6c78872cfd9111a050b62c2bf85a02cc1ede18b4aff56637064a5dc602e74612db3051646ba599c4c25504b3b2b02bccf1a313941b', 1, 'asdf', 'Test', 'User', 'asdf@asdf.com', NULL, '2009-05-12 05:47:48')[0m
Redirected to http://localhost:3000/account
Completed in 199ms (DB: 1) | 302 Found [http://localhost/users]


Processing UsersController#show (for 127.0.0.1 at 2009-05-11 22:47:48) [GET]
  Parameters: {"action"=>"show", "controller"=>"users"}
  [4;35;1mUser Load (0.4ms)[0m   [0mSELECT * FROM "users" WHERE ("users"."persistence_token" = 'fda0849b00f0d15ed6d61c6c78872cfd9111a050b62c2bf85a02cc1ede18b4aff56637064a5dc602e74612db3051646ba599c4c25504b3b2b02bccf1a313941b') LIMIT 1[0m
  [4;36;1mUser Update (0.4ms)[0m   [0;1mUPDATE "users" SET "perishable_token" = 'erNWNp_K1DkA81lT87aJ', "last_request_at" = '2009-05-12 05:47:48', "updated_at" = '2009-05-12 05:47:48' WHERE "id" = 2[0m
Rendering template within layouts/application
Rendering users/show
Completed in 23ms (View: 2, DB: 1) | 200 OK [http://localhost/account]


Processing UserSessionsController#destroy (for 127.0.0.1 at 2009-05-11 22:47:53) [DELETE]
  Parameters: {"action"=>"destroy", "_method"=>"delete", "authenticity_token"=>"bEIm5k5gdNPVdyO/UXSjXPaMdUSjUYPcK2iMVtgoqYw=", "controller"=>"user_sessions"}
  [4;35;1mUser Load (0.4ms)[0m   [0mSELECT * FROM "users" WHERE ("users"."persistence_token" = 'fda0849b00f0d15ed6d61c6c78872cfd9111a050b62c2bf85a02cc1ede18b4aff56637064a5dc602e74612db3051646ba599c4c25504b3b2b02bccf1a313941b') LIMIT 1[0m
  [4;36;1mUser Update (0.3ms)[0m   [0;1mUPDATE "users" SET "perishable_token" = 'OzopqRPw6YgKbNuz-PVX', "last_request_at" = '2009-05-12 05:47:53', "updated_at" = '2009-05-12 05:47:53' WHERE "id" = 2[0m
Redirected to http://localhost:3000/user_session/new
Completed in 24ms (DB: 1) | 302 Found [http://localhost/user_session]


Processing UserSessionsController#new (for 127.0.0.1 at 2009-05-11 22:47:53) [GET]
  Parameters: {"action"=>"new", "controller"=>"user_sessions"}
Rendering template within layouts/application
Rendering user_sessions/new
Completed in 17ms (View: 2, DB: 0) | 200 OK [http://localhost/user_session/new]


Processing UsersController#new (for 127.0.0.1 at 2009-05-11 22:47:55) [GET]
  Parameters: {"action"=>"new", "controller"=>"users"}
Rendering template within layouts/application
Rendering users/new
Rendered users/_form (4.6ms)
Completed in 100ms (View: 7, DB: 0) | 200 OK [http://localhost/account/new]


Processing UserSessionsController#new (for 127.0.0.1 at 2009-05-11 22:47:57) [GET]
  Parameters: {"action"=>"new", "controller"=>"user_sessions"}
Rendering template within layouts/application
Rendering user_sessions/new
Completed in 16ms (View: 2, DB: 0) | 200 OK [http://localhost/user_session/new]


Processing UserSessionsController#create (for 127.0.0.1 at 2009-05-11 22:48:01) [POST]
  Parameters: {"commit"=>"Create", "user_session"=>{"password"=>"[FILTERED]", "login"=>"jabbott", "remember_me"=>"0"}, "action"=>"create", "authenticity_token"=>"bEIm5k5gdNPVdyO/UXSjXPaMdUSjUYPcK2iMVtgoqYw=", "controller"=>"user_sessions"}
  [4;35;1mUser Load (0.4ms)[0m   [0mSELECT * FROM "users" WHERE (LOWER("users".login) = 'jabbott') LIMIT 1[0m
  [4;36;1mUser Update (0.4ms)[0m   [0;1mUPDATE "users" SET "login_count" = 10, "perishable_token" = '2JZSji9XsHaVn1qZm0fp', "last_request_at" = '2009-05-12 05:48:01', "last_login_at" = '2009-05-12 05:46:42', "updated_at" = '2009-05-12 05:48:01', "current_login_at" = '2009-05-12 05:48:01' WHERE "id" = 1[0m
Redirected to http://localhost:3000/account
Completed in 26ms (DB: 1) | 302 Found [http://localhost/user_session]


Processing UsersController#show (for 127.0.0.1 at 2009-05-11 22:48:01) [GET]
  Parameters: {"action"=>"show", "controller"=>"users"}
  [4;35;1mUser Load (0.4ms)[0m   [0mSELECT * FROM "users" WHERE ("users"."id" = '1') LIMIT 1[0m
  [4;36;1mUser Update (0.4ms)[0m   [0;1mUPDATE "users" SET "perishable_token" = '9CiqnoWUzPopdhVeHJrq', "last_request_at" = '2009-05-12 05:48:01', "updated_at" = '2009-05-12 05:48:01' WHERE "id" = 1[0m
Rendering template within layouts/application
Rendering users/show
Completed in 24ms (View: 2, DB: 1) | 200 OK [http://localhost/account]


Processing UserSessionsController#destroy (for 127.0.0.1 at 2009-05-11 22:48:06) [DELETE]
  Parameters: {"action"=>"destroy", "_method"=>"delete", "authenticity_token"=>"bEIm5k5gdNPVdyO/UXSjXPaMdUSjUYPcK2iMVtgoqYw=", "controller"=>"user_sessions"}
  [4;35;1mUser Load (0.4ms)[0m   [0mSELECT * FROM "users" WHERE ("users"."id" = '1') LIMIT 1[0m
  [4;36;1mUser Update (0.7ms)[0m   [0;1mUPDATE "users" SET "perishable_token" = 'xV-BWNz8wjxZX3F4n6O3', "last_request_at" = '2009-05-12 05:48:06', "updated_at" = '2009-05-12 05:48:06' WHERE "id" = 1[0m
Redirected to http://localhost:3000/user_session/new
Completed in 23ms (DB: 1) | 302 Found [http://localhost/user_session]


Processing UserSessionsController#new (for 127.0.0.1 at 2009-05-11 22:48:06) [GET]
  Parameters: {"action"=>"new", "controller"=>"user_sessions"}
Rendering template within layouts/application
Rendering user_sessions/new
Completed in 17ms (View: 2, DB: 0) | 200 OK [http://localhost/user_session/new]


Processing UsersController#new (for 127.0.0.1 at 2009-05-11 22:48:07) [GET]
  Parameters: {"action"=>"new", "controller"=>"users"}
Rendering template within layouts/application
Rendering users/new
Rendered users/_form (3.8ms)
Completed in 108ms (View: 94, DB: 0) | 200 OK [http://localhost/account/new]


Processing UserSessionsController#new (for 127.0.0.1 at 2009-05-11 22:48:10) [GET]
  Parameters: {"action"=>"new", "controller"=>"user_sessions"}
Rendering template within layouts/application
Rendering user_sessions/new
Completed in 17ms (View: 2, DB: 0) | 200 OK [http://localhost/user_session/new]


Processing UserSessionsController#create (for 127.0.0.1 at 2009-05-11 22:48:12) [POST]
  Parameters: {"commit"=>"Create", "user_session"=>{"password"=>"[FILTERED]", "login"=>"asdf", "remember_me"=>"0"}, "action"=>"create", "authenticity_token"=>"bEIm5k5gdNPVdyO/UXSjXPaMdUSjUYPcK2iMVtgoqYw=", "controller"=>"user_sessions"}
  [4;35;1mUser Load (0.5ms)[0m   [0mSELECT * FROM "users" WHERE (LOWER("users".login) = 'asdf') LIMIT 1[0m
  [4;36;1mUser Update (0.3ms)[0m   [0;1mUPDATE "users" SET "login_count" = 2, "perishable_token" = 'zMGwI9wgK_XeyUBx2vAA', "last_request_at" = '2009-05-12 05:48:12', "last_login_at" = '2009-05-12 05:47:48', "last_login_ip" = '127.0.0.1', "updated_at" = '2009-05-12 05:48:12', "current_login_at" = '2009-05-12 05:48:12' WHERE "id" = 2[0m
Redirected to http://localhost:3000/account
Completed in 23ms (DB: 1) | 302 Found [http://localhost/user_session]


Processing UsersController#show (for 127.0.0.1 at 2009-05-11 22:48:13) [GET]
  Parameters: {"action"=>"show", "controller"=>"users"}
  [4;35;1mUser Load (0.6ms)[0m   [0mSELECT * FROM "users" WHERE ("users"."id" = '2') LIMIT 1[0m
  [4;36;1mUser Update (0.3ms)[0m   [0;1mUPDATE "users" SET "perishable_token" = 'EuyLp1hgP2itgoGrUX-1', "last_request_at" = '2009-05-12 05:48:13', "updated_at" = '2009-05-12 05:48:13' WHERE "id" = 2[0m
Rendering template within layouts/application
Rendering users/show
Completed in 24ms (View: 2, DB: 1) | 200 OK [http://localhost/account]


Processing UserSessionsController#destroy (for 127.0.0.1 at 2009-05-11 22:48:22) [DELETE]
  Parameters: {"action"=>"destroy", "_method"=>"delete", "authenticity_token"=>"bEIm5k5gdNPVdyO/UXSjXPaMdUSjUYPcK2iMVtgoqYw=", "controller"=>"user_sessions"}
  [4;35;1mUser Load (0.4ms)[0m   [0mSELECT * FROM "users" WHERE ("users"."id" = '2') LIMIT 1[0m
  [4;36;1mUser Update (0.5ms)[0m   [0;1mUPDATE "users" SET "perishable_token" = '9jrod4pAioykw2lV5n32', "last_request_at" = '2009-05-12 05:48:22', "updated_at" = '2009-05-12 05:48:22' WHERE "id" = 2[0m
Redirected to http://localhost:3000/user_session/new
Completed in 22ms (DB: 1) | 302 Found [http://localhost/user_session]


Processing UserSessionsController#new (for 127.0.0.1 at 2009-05-11 22:48:22) [GET]
  Parameters: {"action"=>"new", "controller"=>"user_sessions"}
Rendering template within layouts/application
Rendering user_sessions/new
Completed in 15ms (View: 2, DB: 0) | 200 OK [http://localhost/user_session/new]


Processing UsersController#new (for 127.0.0.1 at 2009-05-11 22:48:24) [GET]
  Parameters: {"action"=>"new", "controller"=>"users"}
Rendering template within layouts/application
Rendering users/new
Rendered users/_form (4.0ms)
Completed in 108ms (View: 94, DB: 0) | 200 OK [http://localhost/account/new]


Processing UsersController#create (for 127.0.0.1 at 2009-05-11 22:50:21) [POST]
  Parameters: {"user"=>{"password_confirmation"=>"[FILTERED]", "password"=>"[FILTERED]", "login"=>"", "email_address"=>"", "name_last"=>"", "name_first"=>""}, "commit"=>"Save", "action"=>"create", "authenticity_token"=>"bEIm5k5gdNPVdyO/UXSjXPaMdUSjUYPcK2iMVtgoqYw=", "controller"=>"users"}
  [4;35;1mUser Load (0.4ms)[0m   [0mSELECT * FROM "users" WHERE ("users"."id" = '2') LIMIT 1[0m
  [4;36;1mUser Update (0.3ms)[0m   [0;1mUPDATE "users" SET "perishable_token" = 'sTa0fUukuxz1dlfMMyBW', "last_request_at" = '2009-05-12 05:50:21', "updated_at" = '2009-05-12 05:50:21' WHERE "id" = 2[0m
Redirected to http://localhost:3000/account
Filter chain halted as [:require_no_user] rendered_or_redirected.
Completed in 21ms (DB: 1) | 302 Found [http://localhost/users]


Processing UsersController#show (for 127.0.0.1 at 2009-05-11 22:50:21) [GET]
  Parameters: {"action"=>"show", "controller"=>"users"}
  [4;35;1mUser Load (0.4ms)[0m   [0mSELECT * FROM "users" WHERE ("users"."id" = '2') LIMIT 1[0m
  [4;36;1mUser Update (0.3ms)[0m   [0;1mUPDATE "users" SET "perishable_token" = 'Ky9MxwkDVJGDRvuu-R5m', "last_request_at" = '2009-05-12 05:50:21', "updated_at" = '2009-05-12 05:50:21' WHERE "id" = 2[0m
Rendering template within layouts/application
Rendering users/show
Completed in 24ms (View: 2, DB: 1) | 200 OK [http://localhost/account]


Processing UsersController#index (for 127.0.0.1 at 2009-05-11 22:50:25) [GET]
  Parameters: {"action"=>"index", "controller"=>"users"}
  [4;35;1mUser Load (0.5ms)[0m   [0mSELECT * FROM "users" [0m
Rendering template within layouts/application
Rendering users/index
Rendered users/_user (4.2ms)
Rendered users/_user (0.8ms)
  [4;36;1mUser Load (0.5ms)[0m   [0;1mSELECT * FROM "users" WHERE ("users"."id" = '2') LIMIT 1[0m
  [4;35;1mUser Update (0.4ms)[0m   [0mUPDATE "users" SET "perishable_token" = 'mgvlSgPJG66REHT7csMk', "last_request_at" = '2009-05-12 05:50:25', "updated_at" = '2009-05-12 05:50:25' WHERE "id" = 2[0m
Completed in 28ms (View: 16, DB: 1) | 200 OK [http://localhost/users]


Processing UsersController#show (for 127.0.0.1 at 2009-05-11 22:50:28) [GET]
  Parameters: {"action"=>"show", "controller"=>"users"}
  [4;36;1mUser Load (0.4ms)[0m   [0;1mSELECT * FROM "users" WHERE ("users"."id" = '2') LIMIT 1[0m
  [4;35;1mUser Update (0.4ms)[0m   [0mUPDATE "users" SET "perishable_token" = 'Ng0ojpVNcB0zvnSKoH2K', "last_request_at" = '2009-05-12 05:50:28', "updated_at" = '2009-05-12 05:50:28' WHERE "id" = 2[0m
Rendering template within layouts/application
Rendering users/show
Completed in 25ms (View: 2, DB: 1) | 200 OK [http://localhost/account]


Processing UserSessionsController#destroy (for 127.0.0.1 at 2009-05-11 22:50:30) [DELETE]
  Parameters: {"action"=>"destroy", "_method"=>"delete", "authenticity_token"=>"bEIm5k5gdNPVdyO/UXSjXPaMdUSjUYPcK2iMVtgoqYw=", "controller"=>"user_sessions"}
  [4;36;1mUser Load (0.5ms)[0m   [0;1mSELECT * FROM "users" WHERE ("users"."id" = '2') LIMIT 1[0m
  [4;35;1mUser Update (0.4ms)[0m   [0mUPDATE "users" SET "perishable_token" = 'obkAM74Kj1TbFxMe0BG5', "last_request_at" = '2009-05-12 05:50:30', "updated_at" = '2009-05-12 05:50:30' WHERE "id" = 2[0m
Redirected to http://localhost:3000/users
Completed in 110ms (DB: 1) | 302 Found [http://localhost/user_session]


Processing UsersController#index (for 127.0.0.1 at 2009-05-11 22:50:30) [GET]
  Parameters: {"action"=>"index", "controller"=>"users"}
  [4;36;1mUser Load (0.8ms)[0m   [0;1mSELECT * FROM "users" [0m
Rendering template within layouts/application
Rendering users/index
Rendered users/_user (3.9ms)
Rendered users/_user (0.9ms)
Completed in 21ms (View: 9, DB: 1) | 200 OK [http://localhost/users]


Processing UsersController#index (for 127.0.0.1 at 2009-05-11 22:50:34) [GET]
  Parameters: {"action"=>"index", "controller"=>"users"}
  [4;35;1mUser Load (0.6ms)[0m   [0mSELECT * FROM "users" [0m
Rendering template within layouts/application
Rendering users/index
Rendered users/_user (4.0ms)
Rendered users/_user (1.1ms)
Completed in 21ms (View: 10, DB: 1) | 200 OK [http://localhost/users]


Processing UsersController#index (for 127.0.0.1 at 2009-05-11 22:50:35) [GET]
  Parameters: {"action"=>"index", "controller"=>"users"}
  [4;36;1mUser Load (0.6ms)[0m   [0;1mSELECT * FROM "users" [0m
Rendering template within layouts/application
Rendering users/index
Rendered users/_user (4.3ms)
Rendered users/_user (1.3ms)
Completed in 20ms (View: 10, DB: 1) | 200 OK [http://localhost/users]


Processing UsersController#index (for 127.0.0.1 at 2009-05-11 22:50:35) [GET]
  Parameters: {"action"=>"index", "controller"=>"users"}
  [4;35;1mUser Load (0.5ms)[0m   [0mSELECT * FROM "users" [0m
Rendering template within layouts/application
Rendering users/index
Rendered users/_user (3.9ms)
Rendered users/_user (0.8ms)
Completed in 21ms (View: 9, DB: 1) | 200 OK [http://localhost/users]


Processing UsersController#index (for 127.0.0.1 at 2009-05-11 22:50:35) [GET]
  Parameters: {"action"=>"index", "controller"=>"users"}
  [4;36;1mUser Load (0.6ms)[0m   [0;1mSELECT * FROM "users" [0m
Rendering template within layouts/application
Rendering users/index
Rendered users/_user (4.3ms)
Rendered users/_user (0.9ms)
Completed in 23ms (View: 9, DB: 1) | 200 OK [http://localhost/users]


Processing UsersController#index (for 127.0.0.1 at 2009-05-11 22:50:36) [GET]
  Parameters: {"action"=>"index", "controller"=>"users"}
  [4;35;1mUser Load (0.7ms)[0m   [0mSELECT * FROM "users" [0m
Rendering template within layouts/application
Rendering users/index
Rendered users/_user (4.0ms)
Rendered users/_user (0.9ms)
Completed in 112ms (View: 9, DB: 1) | 200 OK [http://localhost/users]


Processing UsersController#new (for 127.0.0.1 at 2009-05-11 22:50:37) [GET]
  Parameters: {"action"=>"new", "controller"=>"users"}
Rendering template within layouts/application
Rendering users/new
Rendered users/_form (4.3ms)
Completed in 21ms (View: 7, DB: 0) | 200 OK [http://localhost/account/new]


Processing UsersController#create (for 127.0.0.1 at 2009-05-11 22:50:39) [POST]
  Parameters: {"user"=>{"password_confirmation"=>"[FILTERED]", "password"=>"[FILTERED]", "login"=>"", "email_address"=>"", "name_last"=>"", "name_first"=>""}, "commit"=>"Save", "action"=>"create", "authenticity_token"=>"bEIm5k5gdNPVdyO/UXSjXPaMdUSjUYPcK2iMVtgoqYw=", "controller"=>"users"}
  [4;36;1mUser Exists (0.2ms)[0m   [0;1mSELECT "users".id FROM "users" WHERE (LOWER("users"."email_address") = '') LIMIT 1[0m
  [4;35;1mUser Exists (0.1ms)[0m   [0mSELECT "users".id FROM "users" WHERE (LOWER("users"."login") = '') LIMIT 1[0m
  [4;36;1mUser Exists (0.1ms)[0m   [0;1mSELECT "users".id FROM "users" WHERE ("users"."persistence_token" = '8fc1d8144b0df643b16b771dc203dd4676a0b29b560e4e37203998065281afba930edaa69b09bc98d76ff2bd9ee3c9e8194d1e62524b16cc528af21a7370dd6f') LIMIT 1[0m
  [4;35;1mUser Exists (0.1ms)[0m   [0mSELECT "users".id FROM "users" WHERE ("users"."single_access_token" = 'L_zhtRHA7oDWR6ME-2KA') LIMIT 1[0m
Rendering template within layouts/application
Rendering users/new
Rendered users/_form (2.6ms)
Completed in 27ms (View: 5, DB: 0) | 200 OK [http://localhost/users]


Processing UsersController#create (for 127.0.0.1 at 2009-05-11 22:51:01) [POST]
  Parameters: {"user"=>{"password_confirmation"=>"[FILTERED]", "password"=>"[FILTERED]", "login"=>"", "email_address"=>"", "name_last"=>"", "name_first"=>""}, "commit"=>"Save", "action"=>"create", "authenticity_token"=>"bEIm5k5gdNPVdyO/UXSjXPaMdUSjUYPcK2iMVtgoqYw=", "controller"=>"users"}
  [4;36;1mUser Exists (0.2ms)[0m   [0;1mSELECT "users".id FROM "users" WHERE (LOWER("users"."email_address") = '') LIMIT 1[0m
  [4;35;1mUser Exists (0.1ms)[0m   [0mSELECT "users".id FROM "users" WHERE (LOWER("users"."login") = '') LIMIT 1[0m
  [4;36;1mUser Exists (0.1ms)[0m   [0;1mSELECT "users".id FROM "users" WHERE ("users"."persistence_token" = 'db2fd8f6eee0e4d24520347674232cc682ad0a8428385115e101b65167349b3ba0cb51e3cac319543e7de55865e5a834fc9eb068472312f8dc9f57e464d78462') LIMIT 1[0m
  [4;35;1mUser Exists (0.1ms)[0m   [0mSELECT "users".id FROM "users" WHERE ("users"."single_access_token" = 'EiKTOPWf5pxsrfsBHxMT') LIMIT 1[0m
Rendering template within layouts/application
Rendering users/new
Rendered users/_form (2.6ms)
Completed in 31ms (View: 5, DB: 0) | 200 OK [http://localhost/users]


Processing UsersController#new (for 127.0.0.1 at 2009-05-11 22:51:06) [GET]
  Parameters: {"action"=>"new", "controller"=>"users"}
Rendering template within layouts/application
Rendering users/new
Rendered users/_form (3.9ms)
Completed in 19ms (View: 6, DB: 0) | 200 OK [http://localhost/account/new]


Processing UserSessionsController#new (for 127.0.0.1 at 2009-05-11 22:51:07) [GET]
  Parameters: {"action"=>"new", "controller"=>"user_sessions"}
Rendering template within layouts/application
Rendering user_sessions/new
Completed in 101ms (View: 2, DB: 0) | 200 OK [http://localhost/user_session/new]


Processing UserSessionsController#create (for 127.0.0.1 at 2009-05-11 22:51:11) [POST]
  Parameters: {"commit"=>"Create", "user_session"=>{"password"=>"[FILTERED]", "login"=>"jabbott", "remember_me"=>"0"}, "action"=>"create", "authenticity_token"=>"bEIm5k5gdNPVdyO/UXSjXPaMdUSjUYPcK2iMVtgoqYw=", "controller"=>"user_sessions"}
  [4;36;1mUser Load (0.4ms)[0m   [0;1mSELECT * FROM "users" WHERE (LOWER("users".login) = 'jabbott') LIMIT 1[0m
  [4;35;1mUser Update (0.3ms)[0m   [0mUPDATE "users" SET "login_count" = 11, "perishable_token" = 'matnYQ3XgyoOXZy83fLp', "last_request_at" = '2009-05-12 05:51:11', "last_login_at" = '2009-05-12 05:48:01', "updated_at" = '2009-05-12 05:51:11', "current_login_at" = '2009-05-12 05:51:11' WHERE "id" = 1[0m
Redirected to http://localhost:3000/account
Completed in 27ms (DB: 1) | 302 Found [http://localhost/user_session]


Processing UsersController#show (for 127.0.0.1 at 2009-05-11 22:51:11) [GET]
  Parameters: {"action"=>"show", "controller"=>"users"}
  [4;36;1mUser Load (0.4ms)[0m   [0;1mSELECT * FROM "users" WHERE ("users"."id" = '1') LIMIT 1[0m
  [4;35;1mUser Update (0.3ms)[0m   [0mUPDATE "users" SET "perishable_token" = 'y-nCkCJDY_RvmnM-CNoD', "last_request_at" = '2009-05-12 05:51:11', "updated_at" = '2009-05-12 05:51:11' WHERE "id" = 1[0m
Rendering template within layouts/application
Rendering users/show
Completed in 22ms (View: 2, DB: 1) | 200 OK [http://localhost/account]


Processing UsersController#show (for 127.0.0.1 at 2009-05-11 22:51:13) [GET]
  Parameters: {"action"=>"show", "controller"=>"users"}
  [4;36;1mUser Load (0.5ms)[0m   [0;1mSELECT * FROM "users" WHERE ("users"."id" = '1') LIMIT 1[0m
  [4;35;1mUser Update (0.6ms)[0m   [0mUPDATE "users" SET "perishable_token" = '-pM6570SqHEu0NmTYTnF', "last_request_at" = '2009-05-12 05:51:13', "updated_at" = '2009-05-12 05:51:13' WHERE "id" = 1[0m
Rendering template within layouts/application
Rendering users/show
Completed in 25ms (View: 2, DB: 1) | 200 OK [http://localhost/account]


Processing UserSessionsController#destroy (for 127.0.0.1 at 2009-05-11 22:51:15) [DELETE]
  Parameters: {"action"=>"destroy", "_method"=>"delete", "authenticity_token"=>"bEIm5k5gdNPVdyO/UXSjXPaMdUSjUYPcK2iMVtgoqYw=", "controller"=>"user_sessions"}
  [4;36;1mUser Load (0.4ms)[0m   [0;1mSELECT * FROM "users" WHERE ("users"."id" = '1') LIMIT 1[0m
  [4;35;1mUser Update (0.3ms)[0m   [0mUPDATE "users" SET "perishable_token" = 'k0AnUpjK9lqspFsDiIeQ', "last_request_at" = '2009-05-12 05:51:15', "updated_at" = '2009-05-12 05:51:15' WHERE "id" = 1[0m
Redirected to http://localhost:3000/user_session/new
Completed in 23ms (DB: 1) | 302 Found [http://localhost/user_session]


Processing UserSessionsController#new (for 127.0.0.1 at 2009-05-11 22:51:15) [GET]
  Parameters: {"action"=>"new", "controller"=>"user_sessions"}
Rendering template within layouts/application
Rendering user_sessions/new
Completed in 16ms (View: 2, DB: 0) | 200 OK [http://localhost/user_session/new]


Processing UsersController#new (for 127.0.0.1 at 2009-05-11 22:51:17) [GET]
  Parameters: {"action"=>"new", "controller"=>"users"}
Rendering template within layouts/application
Rendering users/new
Rendered users/_form (3.9ms)
Completed in 108ms (View: 6, DB: 0) | 200 OK [http://localhost/account/new]


Processing UsersController#create (for 127.0.0.1 at 2009-05-11 22:51:20) [POST]
  Parameters: {"user"=>{"password_confirmation"=>"[FILTERED]", "password"=>"[FILTERED]", "login"=>"", "email_address"=>"", "name_last"=>"", "name_first"=>""}, "commit"=>"Save", "action"=>"create", "authenticity_token"=>"bEIm5k5gdNPVdyO/UXSjXPaMdUSjUYPcK2iMVtgoqYw=", "controller"=>"users"}
  [4;36;1mUser Exists (0.2ms)[0m   [0;1mSELECT "users".id FROM "users" WHERE (LOWER("users"."email_address") = '') LIMIT 1[0m
  [4;35;1mUser Exists (0.1ms)[0m   [0mSELECT "users".id FROM "users" WHERE (LOWER("users"."login") = '') LIMIT 1[0m
  [4;36;1mUser Exists (0.1ms)[0m   [0;1mSELECT "users".id FROM "users" WHERE ("users"."persistence_token" = '2759d4c6935a97a6dac5124a966f3ff406b10aca670aec0bc9a2e65b1476515a3cd2e8430f1c721e412e362e810ad0fe04f3775edbdc1dd40c60c0d6954be068') LIMIT 1[0m
  [4;35;1mUser Exists (0.1ms)[0m   [0mSELECT "users".id FROM "users" WHERE ("users"."single_access_token" = 'AexOUzeS_5ApTjKWx3pl') LIMIT 1[0m
Rendering template within layouts/application
Rendering users/new
Rendered users/_form (3.9ms)
Completed in 28ms (View: 6, DB: 0) | 200 OK [http://localhost/users]
